Transaction Digest: DSdcuSWK9VkE9jbSPpr3G6TMuaBgCrCN5e1paBCJWwge
╭──────────────────────────────────────────────────────────────────────────────────────────────────────────────╮
│ Transaction Data                                                                                             │
├──────────────────────────────────────────────────────────────────────────────────────────────────────────────┤
│ Sender: 0x2253bc030313bb82ce9b42081654ec4a4cf428eaa927be7283b5fa672b54a7d4                                   │
│ Gas Owner: 0x2253bc030313bb82ce9b42081654ec4a4cf428eaa927be7283b5fa672b54a7d4                                │
│ Gas Budget: 94210800 MIST                                                                                    │
│ Gas Price: 1000 MIST                                                                                         │
│ Gas Payment:                                                                                                 │
│  ┌──                                                                                                         │
│  │ ID: 0x086d7031c5e699ee9aaa9533f155225b4eede681de2bbb85e9ab66b0d8a84f22                                    │
│  │ Version: 4184158                                                                                          │
│  │ Digest: GqD81YNLpEkgwMdvTm4Svvw3Dhu9Sy4Vris9mt7c86g8                                                      │
│  └──                                                                                                         │
│                                                                                                              │
│ Transaction Kind: Programmable                                                                               │
│ ╭──────────────────────────────────────────────────────────────────────────────────────────────────────────╮ │
│ │ Input Objects                                                                                            │ │
│ ├──────────────────────────────────────────────────────────────────────────────────────────────────────────┤ │
│ │ 0   Pure Arg: Type: address, Value: "0x2253bc030313bb82ce9b42081654ec4a4cf428eaa927be7283b5fa672b54a7d4" │ │
│ ╰──────────────────────────────────────────────────────────────────────────────────────────────────────────╯ │
│ ╭─────────────────────────────────────────────────────────────────────────╮                                  │
│ │ Commands                                                                │                                  │
│ ├─────────────────────────────────────────────────────────────────────────┤                                  │
│ │ 0  Publish:                                                             │                                  │
│ │  ┌                                                                      │                                  │
│ │  │ Dependencies:                                                        │                                  │
│ │  │   0x0000000000000000000000000000000000000000000000000000000000000001 │                                  │
│ │  │   0x0000000000000000000000000000000000000000000000000000000000000002 │                                  │
│ │  │   0x0000000000000000000000000000000000000000000000000000000000000003 │                                  │
│ │  └                                                                      │                                  │
│ │                                                                         │                                  │
│ │ 1  TransferObjects:                                                     │                                  │
│ │  ┌                                                                      │                                  │
│ │  │ Arguments:                                                           │                                  │
│ │  │   Result 0                                                           │                                  │
│ │  │ Address: Input  0                                                    │                                  │
│ │  └                                                                      │                                  │
│ ╰─────────────────────────────────────────────────────────────────────────╯                                  │
│                                                                                                              │
│ Signatures:                                                                                                  │
│    puR/DMHGuJvVOFBzqo7OZIncWNTyNW2xw/iHOJmAfoRhngwh+FgoFHyIePYnQpUd3yIyMDj3YAiokIj/iWmWAg==                  │
│                                                                                                              │
╰──────────────────────────────────────────────────────────────────────────────────────────────────────────────╯
╭───────────────────────────────────────────────────────────────────────────────────────────────────╮
│ Transaction Effects                                                                               │
├───────────────────────────────────────────────────────────────────────────────────────────────────┤
│ Digest: DSdcuSWK9VkE9jbSPpr3G6TMuaBgCrCN5e1paBCJWwge                                              │
│ Status: Success                                                                                   │
│ Executed Epoch: 61                                                                                │
│                                                                                                   │
│ Created Objects:                                                                                  │
│  ┌──                                                                                              │
│  │ ID: 0x2154fe418989c6635b81b5a57727ca1956aa0170eb3ea1476feb68643cd861fa                         │
│  │ Owner: Account Address ( 0x2253bc030313bb82ce9b42081654ec4a4cf428eaa927be7283b5fa672b54a7d4 )  │
│  │ Version: 4184159                                                                               │
│  │ Digest: BN9GNm3uw6Zn3YRP2AX55NKcA9fPvkiqZhEAQWCcCiTv                                           │
│  └──                                                                                              │
│  ┌──                                                                                              │
│  │ ID: 0x22f388555ff173388fd290ce646a74b226ec786f5ba52df8ba76b9bd93363e93                         │
│  │ Owner: Immutable                                                                               │
│  │ Version: 1                                                                                     │
│  │ Digest: 3Th3yG24319stRxjb323N9wRsqpG79rsddWmRNR73kkk                                           │
│  └──                                                                                              │
│  ┌──                                                                                              │
│  │ ID: 0xe3c96640bd142bbea7b115fc20a6751622fa480b16a4d278c2ffe33b72a603e0                         │
│  │ Owner: Shared( 4184159 )                                                                       │
│  │ Version: 4184159                                                                               │
│  │ Digest: E7KBwWEJKRm2rrZczh8pYRK7WECUzqj8QHzYXQUhvdDN                                           │
│  └──                                                                                              │
│  ┌──                                                                                              │
│  │ ID: 0xe899bd715a8edf23a5f6d9200149096347c24e7863d5552c41743254450959d2                         │
│  │ Owner: Account Address ( 0x2253bc030313bb82ce9b42081654ec4a4cf428eaa927be7283b5fa672b54a7d4 )  │
│  │ Version: 4184159                                                                               │
│  │ Digest: GioNLA6kzkgJ4pgTHiJLXwESuTQQZpG1b8jftBgcZNyM                                           │
│  └──                                                                                              │
│  ┌──                                                                                              │
│  │ ID: 0xee13aa8baccc43f4066e75de437db5e6ba4c44e59b6aec3b9ab79d42b9bca46a                         │
│  │ Owner: Shared( 4184159 )                                                                       │
│  │ Version: 4184159                                                                               │
│  │ Digest: 7EyQVpBqgeHHTYeY1FzwmTzQsbwwGZpT33WmDTqRF8gK                                           │
│  └──                                                                                              │
│  ┌──                                                                                              │
│  │ ID: 0xff1f7b7999362a098b9ded38e055fec1345b97a10ac45f469cda9cc639fb2dbe                         │
│  │ Owner: Account Address ( 0x2253bc030313bb82ce9b42081654ec4a4cf428eaa927be7283b5fa672b54a7d4 )  │
│  │ Version: 4184159                                                                               │
│  │ Digest: 4Fr4dfLXSCdssyLtYktEwNhNbNttmgXtAy3vZck4p8jS                                           │
│  └──                                                                                              │
│ Mutated Objects:                                                                                  │
│  ┌──                                                                                              │
│  │ ID: 0x086d7031c5e699ee9aaa9533f155225b4eede681de2bbb85e9ab66b0d8a84f22                         │
│  │ Owner: Account Address ( 0x2253bc030313bb82ce9b42081654ec4a4cf428eaa927be7283b5fa672b54a7d4 )  │
│  │ Version: 4184159                                                                               │
│  │ Digest: 1StEJZxtpzXkz5YQWG3zjydTJSuZW6hpmxKmmhRaoL6                                            │
│  └──                                                                                              │
│ Gas Object:                                                                                       │
│  ┌──                                                                                              │
│  │ ID: 0x086d7031c5e699ee9aaa9533f155225b4eede681de2bbb85e9ab66b0d8a84f22                         │
│  │ Owner: Account Address ( 0x2253bc030313bb82ce9b42081654ec4a4cf428eaa927be7283b5fa672b54a7d4 )  │
│  │ Version: 4184159                                                                               │
│  │ Digest: 1StEJZxtpzXkz5YQWG3zjydTJSuZW6hpmxKmmhRaoL6                                            │
│  └──                                                                                              │
│ Gas Cost Summary:                                                                                 │
│    Storage Cost: 92210800 MIST                                                                    │
│    Computation Cost: 1000000 MIST                                                                 │
│    Storage Rebate: 978120 MIST                                                                    │
│    Non-refundable Storage Fee: 9880 MIST                                                          │
│                                                                                                   │
│ Transaction Dependencies:                                                                         │
│    DTcqaq6ZSP81pcRbko5yKdpJgN6ekR81C2t3mc6tM4Cr                                                   │
│    FJ4seFsznXzr8cyNndXoBqMvvj7sYmEVQ2o423RsEeT7                                                   │
╰───────────────────────────────────────────────────────────────────────────────────────────────────╯
╭─────────────────────────────╮
│ No transaction block events │
╰─────────────────────────────╯

╭─────────────────────────────────────────────────────────────────────────────────────────────────────────────────╮
│ Object Changes                                                                                                  │
├─────────────────────────────────────────────────────────────────────────────────────────────────────────────────┤
│ Created Objects:                                                                                                │
│  ┌──                                                                                                            │
│  │ ObjectID: 0x2154fe418989c6635b81b5a57727ca1956aa0170eb3ea1476feb68643cd861fa                                 │
│  │ Sender: 0x2253bc030313bb82ce9b42081654ec4a4cf428eaa927be7283b5fa672b54a7d4                                   │
│  │ Owner: Account Address ( 0x2253bc030313bb82ce9b42081654ec4a4cf428eaa927be7283b5fa672b54a7d4 )                │
│  │ ObjectType: 0x22f388555ff173388fd290ce646a74b226ec786f5ba52df8ba76b9bd93363e93::deposit_bonus::AdminCap      │
│  │ Version: 4184159                                                                                             │
│  │ Digest: BN9GNm3uw6Zn3YRP2AX55NKcA9fPvkiqZhEAQWCcCiTv                                                         │
│  └──                                                                                                            │
│  ┌──                                                                                                            │
│  │ ObjectID: 0xe3c96640bd142bbea7b115fc20a6751622fa480b16a4d278c2ffe33b72a603e0                                 │
│  │ Sender: 0x2253bc030313bb82ce9b42081654ec4a4cf428eaa927be7283b5fa672b54a7d4                                   │
│  │ Owner: Shared( 4184159 )                                                                                     │
│  │ ObjectType: 0x22f388555ff173388fd290ce646a74b226ec786f5ba52df8ba76b9bd93363e93::deposit_bonus::Storage       │
│  │ Version: 4184159                                                                                             │
│  │ Digest: E7KBwWEJKRm2rrZczh8pYRK7WECUzqj8QHzYXQUhvdDN                                                         │
│  └──                                                                                                            │
│  ┌──                                                                                                            │
│  │ ObjectID: 0xe899bd715a8edf23a5f6d9200149096347c24e7863d5552c41743254450959d2                                 │
│  │ Sender: 0x2253bc030313bb82ce9b42081654ec4a4cf428eaa927be7283b5fa672b54a7d4                                   │
│  │ Owner: Account Address ( 0x2253bc030313bb82ce9b42081654ec4a4cf428eaa927be7283b5fa672b54a7d4 )                │
│  │ ObjectType: 0x2::package::UpgradeCap                                                                         │
│  │ Version: 4184159                                                                                             │
│  │ Digest: GioNLA6kzkgJ4pgTHiJLXwESuTQQZpG1b8jftBgcZNyM                                                         │
│  └──                                                                                                            │
│  ┌──                                                                                                            │
│  │ ObjectID: 0xee13aa8baccc43f4066e75de437db5e6ba4c44e59b6aec3b9ab79d42b9bca46a                                 │
│  │ Sender: 0x2253bc030313bb82ce9b42081654ec4a4cf428eaa927be7283b5fa672b54a7d4                                   │
│  │ Owner: Shared( 4184159 )                                                                                     │
│  │ ObjectType: 0x22f388555ff173388fd290ce646a74b226ec786f5ba52df8ba76b9bd93363e93::deposit_bonus::BonusHistory  │
│  │ Version: 4184159                                                                                             │
│  │ Digest: 7EyQVpBqgeHHTYeY1FzwmTzQsbwwGZpT33WmDTqRF8gK                                                         │
│  └──                                                                                                            │
│  ┌──                                                                                                            │
│  │ ObjectID: 0xff1f7b7999362a098b9ded38e055fec1345b97a10ac45f469cda9cc639fb2dbe                                 │
│  │ Sender: 0x2253bc030313bb82ce9b42081654ec4a4cf428eaa927be7283b5fa672b54a7d4                                   │
│  │ Owner: Account Address ( 0x2253bc030313bb82ce9b42081654ec4a4cf428eaa927be7283b5fa672b54a7d4 )                │
│  │ ObjectType: 0x22f388555ff173388fd290ce646a74b226ec786f5ba52df8ba76b9bd93363e93::deposit_bonus::OperatorCap   │
│  │ Version: 4184159                                                                                             │
│  │ Digest: 4Fr4dfLXSCdssyLtYktEwNhNbNttmgXtAy3vZck4p8jS                                                         │
│  └──                                                                                                            │
│ Mutated Objects:                                                                                                │
│  ┌──                                                                                                            │
│  │ ObjectID: 0x086d7031c5e699ee9aaa9533f155225b4eede681de2bbb85e9ab66b0d8a84f22                                 │
│  │ Sender: 0x2253bc030313bb82ce9b42081654ec4a4cf428eaa927be7283b5fa672b54a7d4                                   │
│  │ Owner: Account Address ( 0x2253bc030313bb82ce9b42081654ec4a4cf428eaa927be7283b5fa672b54a7d4 )                │
│  │ ObjectType: 0x2::coin::Coin<0x2::sui::SUI>                                                                   │
│  │ Version: 4184159                                                                                             │
│  │ Digest: 1StEJZxtpzXkz5YQWG3zjydTJSuZW6hpmxKmmhRaoL6                                                          │
│  └──                                                                                                            │
│ Published Objects:                                                                                              │
│  ┌──                                                                                                            │
│  │ PackageID: 0x22f388555ff173388fd290ce646a74b226ec786f5ba52df8ba76b9bd93363e93                                │
│  │ Version: 1                                                                                                   │
│  │ Digest: 3Th3yG24319stRxjb323N9wRsqpG79rsddWmRNR73kkk                                                         │
│  │ Modules: bonus, deposit_bonus, err_consts, range, utils                                                      │
│  └──                                                                                                            │
╰─────────────────────────────────────────────────────────────────────────────────────────────────────────────────╯
╭───────────────────────────────────────────────────────────────────────────────────────────────────╮
│ Balance Changes                                                                                   │
├───────────────────────────────────────────────────────────────────────────────────────────────────┤
│  ┌──                                                                                              │
│  │ Owner: Account Address ( 0x2253bc030313bb82ce9b42081654ec4a4cf428eaa927be7283b5fa672b54a7d4 )  │
│  │ CoinType: 0x2::sui::SUI                                                                        │
│  │ Amount: -92232680                                                                              │
│  └──                                                                                              │
╰───────────────────────────────────────────────────────────────────────────────────────────────────╯
