Transaction Digest: 8HEGA7o7nUTrVTzsEFbWcq4fK2uZwGBrqTQ1CjVGTWEj
╭──────────────────────────────────────────────────────────────────────────────────────────────────────────────╮
│ Transaction Data                                                                                             │
├──────────────────────────────────────────────────────────────────────────────────────────────────────────────┤
│ Sender: 0x42a27bbee48b8c97b05540e823e118fe6629bd5d83caf19ef8e9051bf3addf9e                                   │
│ Gas Owner: 0x42a27bbee48b8c97b05540e823e118fe6629bd5d83caf19ef8e9051bf3addf9e                                │
│ Gas Budget: 103186400 MIST                                                                                   │
│ Gas Price: 1000 MIST                                                                                         │
│ Gas Payment:                                                                                                 │
│  ┌──                                                                                                         │
│  │ ID: 0x6455f20e0e96b6e21d90d933680d687fd728c7a16157f6aef0098d99df501ff7                                    │
│  │ Version: 17                                                                                               │
│  │ Digest: 8UMEVKwraubXRpEpxcqUmMzdddGhGU1JbJDhAs5pN9fy                                                      │
│  └──                                                                                                         │
│                                                                                                              │
│ Transaction Kind: Programmable                                                                               │
│ ╭──────────────────────────────────────────────────────────────────────────────────────────────────────────╮ │
│ │ Input Objects                                                                                            │ │
│ ├──────────────────────────────────────────────────────────────────────────────────────────────────────────┤ │
│ │ 0   Pure Arg: Type: address, Value: "0x42a27bbee48b8c97b05540e823e118fe6629bd5d83caf19ef8e9051bf3addf9e" │ │
│ ╰──────────────────────────────────────────────────────────────────────────────────────────────────────────╯ │
│ ╭─────────────────────────────────────────────────────────────────────────╮                                  │
│ │ Commands                                                                │                                  │
│ ├─────────────────────────────────────────────────────────────────────────┤                                  │
│ │ 0  Publish:                                                             │                                  │
│ │  ┌                                                                      │                                  │
│ │  │ Dependencies:                                                        │                                  │
│ │  │   0x0000000000000000000000000000000000000000000000000000000000000001 │                                  │
│ │  │   0x0000000000000000000000000000000000000000000000000000000000000002 │                                  │
│ │  │   0x0000000000000000000000000000000000000000000000000000000000000003 │                                  │
│ │  └                                                                      │                                  │
│ │                                                                         │                                  │
│ │ 1  TransferObjects:                                                     │                                  │
│ │  ┌                                                                      │                                  │
│ │  │ Arguments:                                                           │                                  │
│ │  │   Result 0                                                           │                                  │
│ │  │ Address: Input  0                                                    │                                  │
│ │  └                                                                      │                                  │
│ ╰─────────────────────────────────────────────────────────────────────────╯                                  │
│                                                                                                              │
│ Signatures:                                                                                                  │
│    7+1BrASGt7xKqwedQ0Nc0C26stT6xKGaCZta392McUdDPvj0vlhQBwjwiY87qXG+aO8Bzz36YmAXPNqGJQIgDg==                  │
│                                                                                                              │
╰──────────────────────────────────────────────────────────────────────────────────────────────────────────────╯
╭───────────────────────────────────────────────────────────────────────────────────────────────────╮
│ Transaction Effects                                                                               │
├───────────────────────────────────────────────────────────────────────────────────────────────────┤
│ Digest: 8HEGA7o7nUTrVTzsEFbWcq4fK2uZwGBrqTQ1CjVGTWEj                                              │
│ Status: Success                                                                                   │
│ Executed Epoch: 6                                                                                 │
│                                                                                                   │
│ Created Objects:                                                                                  │
│  ┌──                                                                                              │
│  │ ID: 0x480672f27b74d5c3ee836aff7fa5e608f930fb8e7b005b70c69f9a7e5d54806f                         │
│  │ Owner: Immutable                                                                               │
│  │ Version: 1                                                                                     │
│  │ Digest: 7oXgbSmW6Utw1LDaseiFcUHMWQmmznKm6ybZmPVr8NEU                                           │
│  └──                                                                                              │
│  ┌──                                                                                              │
│  │ ID: 0x70a35e2e218245713566a6fdf2b7a1f7f9e7e6382020d08441f95a5d6a8ed8f8                         │
│  │ Owner: Shared( 18 )                                                                            │
│  │ Version: 18                                                                                    │
│  │ Digest: 3PAgewUmsYnMy74knJPY5dbXsi2JJ1bt3aojgT6vBkmy                                           │
│  └──                                                                                              │
│  ┌──                                                                                              │
│  │ ID: 0x78e66fb087dfc225fc635f5acf3f21c5ff99807e017e18e15d2a47f3636d9a58                         │
│  │ Owner: Shared( 18 )                                                                            │
│  │ Version: 18                                                                                    │
│  │ Digest: Fab3jqSh4DoKj4EZYyjChb8vXGtJ55P6kmrUn5CKhvXo                                           │
│  └──                                                                                              │
│  ┌──                                                                                              │
│  │ ID: 0x82f128e96669c28ec0a45b923180aa1548fd7f89a816f683af367a7a3fac418e                         │
│  │ Owner: Account Address ( 0x42a27bbee48b8c97b05540e823e118fe6629bd5d83caf19ef8e9051bf3addf9e )  │
│  │ Version: 18                                                                                    │
│  │ Digest: F7EANTBK6zZyc5p1QPAJw56EDaJUVGbtNAsq1PHDWkYE                                           │
│  └──                                                                                              │
│  ┌──                                                                                              │
│  │ ID: 0xb2ad5ece67e6b4dc5ce23c3f2b60949969d057a5c1a0afb53d8a3fda7b96b4c2                         │
│  │ Owner: Account Address ( 0x42a27bbee48b8c97b05540e823e118fe6629bd5d83caf19ef8e9051bf3addf9e )  │
│  │ Version: 18                                                                                    │
│  │ Digest: CQHtQVkLDcdwNZfnNGb5Adw6xUXPy3aAQW5WCNuygPGh                                           │
│  └──                                                                                              │
│  ┌──                                                                                              │
│  │ ID: 0xfe2b41d365fd63b7a4b7af8be38484639c3e671189ae9677935c24484209ab0d                         │
│  │ Owner: Shared( 18 )                                                                            │
│  │ Version: 18                                                                                    │
│  │ Digest: A5CjJmZQ6Wpxv3zjFw5GgswfTNMSUcoeqHWG9BznoiLb                                           │
│  └──                                                                                              │
│ Mutated Objects:                                                                                  │
│  ┌──                                                                                              │
│  │ ID: 0x6455f20e0e96b6e21d90d933680d687fd728c7a16157f6aef0098d99df501ff7                         │
│  │ Owner: Account Address ( 0x42a27bbee48b8c97b05540e823e118fe6629bd5d83caf19ef8e9051bf3addf9e )  │
│  │ Version: 18                                                                                    │
│  │ Digest: D6D38dWkYb2DDsLN68t8Y4voJzXiQLZ86VWhxa5u6nkG                                           │
│  └──                                                                                              │
│ Gas Object:                                                                                       │
│  ┌──                                                                                              │
│  │ ID: 0x6455f20e0e96b6e21d90d933680d687fd728c7a16157f6aef0098d99df501ff7                         │
│  │ Owner: Account Address ( 0x42a27bbee48b8c97b05540e823e118fe6629bd5d83caf19ef8e9051bf3addf9e )  │
│  │ Version: 18                                                                                    │
│  │ Digest: D6D38dWkYb2DDsLN68t8Y4voJzXiQLZ86VWhxa5u6nkG                                           │
│  └──                                                                                              │
│ Gas Cost Summary:                                                                                 │
│    Storage Cost: 101186400 MIST                                                                   │
│    Computation Cost: 1000000 MIST                                                                 │
│    Storage Rebate: 978120 MIST                                                                    │
│    Non-refundable Storage Fee: 9880 MIST                                                          │
│                                                                                                   │
│ Transaction Dependencies:                                                                         │
│    5PomvFKp42opynWX89UxwDYjv5x8paVyohs9U2pjG9fQ                                                   │
│    8QKvJ5oUbDV1f92Q6zRExZDid3hGYmbUupTui3eH1g6Y                                                   │
╰───────────────────────────────────────────────────────────────────────────────────────────────────╯
╭─────────────────────────────╮
│ No transaction block events │
╰─────────────────────────────╯

╭─────────────────────────────────────────────────────────────────────────────────────────────────────────────────╮
│ Object Changes                                                                                                  │
├─────────────────────────────────────────────────────────────────────────────────────────────────────────────────┤
│ Created Objects:                                                                                                │
│  ┌──                                                                                                            │
│  │ ObjectID: 0x70a35e2e218245713566a6fdf2b7a1f7f9e7e6382020d08441f95a5d6a8ed8f8                                 │
│  │ Sender: 0x42a27bbee48b8c97b05540e823e118fe6629bd5d83caf19ef8e9051bf3addf9e                                   │
│  │ Owner: Shared( 18 )                                                                                          │
│  │ ObjectType: 0x480672f27b74d5c3ee836aff7fa5e608f930fb8e7b005b70c69f9a7e5d54806f::deposit_bonus::Storage       │
│  │ Version: 18                                                                                                  │
│  │ Digest: 3PAgewUmsYnMy74knJPY5dbXsi2JJ1bt3aojgT6vBkmy                                                         │
│  └──                                                                                                            │
│  ┌──                                                                                                            │
│  │ ObjectID: 0x78e66fb087dfc225fc635f5acf3f21c5ff99807e017e18e15d2a47f3636d9a58                                 │
│  │ Sender: 0x42a27bbee48b8c97b05540e823e118fe6629bd5d83caf19ef8e9051bf3addf9e                                   │
│  │ Owner: Shared( 18 )                                                                                          │
│  │ ObjectType: 0x480672f27b74d5c3ee836aff7fa5e608f930fb8e7b005b70c69f9a7e5d54806f::deposit_bonus::BonusHistory  │
│  │ Version: 18                                                                                                  │
│  │ Digest: Fab3jqSh4DoKj4EZYyjChb8vXGtJ55P6kmrUn5CKhvXo                                                         │
│  └──                                                                                                            │
│  ┌──                                                                                                            │
│  │ ObjectID: 0x82f128e96669c28ec0a45b923180aa1548fd7f89a816f683af367a7a3fac418e                                 │
│  │ Sender: 0x42a27bbee48b8c97b05540e823e118fe6629bd5d83caf19ef8e9051bf3addf9e                                   │
│  │ Owner: Account Address ( 0x42a27bbee48b8c97b05540e823e118fe6629bd5d83caf19ef8e9051bf3addf9e )                │
│  │ ObjectType: 0x2::package::UpgradeCap                                                                         │
│  │ Version: 18                                                                                                  │
│  │ Digest: F7EANTBK6zZyc5p1QPAJw56EDaJUVGbtNAsq1PHDWkYE                                                         │
│  └──                                                                                                            │
│  ┌──                                                                                                            │
│  │ ObjectID: 0xb2ad5ece67e6b4dc5ce23c3f2b60949969d057a5c1a0afb53d8a3fda7b96b4c2                                 │
│  │ Sender: 0x42a27bbee48b8c97b05540e823e118fe6629bd5d83caf19ef8e9051bf3addf9e                                   │
│  │ Owner: Account Address ( 0x42a27bbee48b8c97b05540e823e118fe6629bd5d83caf19ef8e9051bf3addf9e )                │
│  │ ObjectType: 0x480672f27b74d5c3ee836aff7fa5e608f930fb8e7b005b70c69f9a7e5d54806f::deposit_bonus::AdminCap      │
│  │ Version: 18                                                                                                  │
│  │ Digest: CQHtQVkLDcdwNZfnNGb5Adw6xUXPy3aAQW5WCNuygPGh                                                         │
│  └──                                                                                                            │
│  ┌──                                                                                                            │
│  │ ObjectID: 0xfe2b41d365fd63b7a4b7af8be38484639c3e671189ae9677935c24484209ab0d                                 │
│  │ Sender: 0x42a27bbee48b8c97b05540e823e118fe6629bd5d83caf19ef8e9051bf3addf9e                                   │
│  │ Owner: Shared( 18 )                                                                                          │
│  │ ObjectType: 0x480672f27b74d5c3ee836aff7fa5e608f930fb8e7b005b70c69f9a7e5d54806f::deposit_bonus::OperatorCap   │
│  │ Version: 18                                                                                                  │
│  │ Digest: A5CjJmZQ6Wpxv3zjFw5GgswfTNMSUcoeqHWG9BznoiLb                                                         │
│  └──                                                                                                            │
│ Mutated Objects:                                                                                                │
│  ┌──                                                                                                            │
│  │ ObjectID: 0x6455f20e0e96b6e21d90d933680d687fd728c7a16157f6aef0098d99df501ff7                                 │
│  │ Sender: 0x42a27bbee48b8c97b05540e823e118fe6629bd5d83caf19ef8e9051bf3addf9e                                   │
│  │ Owner: Account Address ( 0x42a27bbee48b8c97b05540e823e118fe6629bd5d83caf19ef8e9051bf3addf9e )                │
│  │ ObjectType: 0x2::coin::Coin<0x2::sui::SUI>                                                                   │
│  │ Version: 18                                                                                                  │
│  │ Digest: D6D38dWkYb2DDsLN68t8Y4voJzXiQLZ86VWhxa5u6nkG                                                         │
│  └──                                                                                                            │
│ Published Objects:                                                                                              │
│  ┌──                                                                                                            │
│  │ PackageID: 0x480672f27b74d5c3ee836aff7fa5e608f930fb8e7b005b70c69f9a7e5d54806f                                │
│  │ Version: 1                                                                                                   │
│  │ Digest: 7oXgbSmW6Utw1LDaseiFcUHMWQmmznKm6ybZmPVr8NEU                                                         │
│  │ Modules: bonus, deposit_bonus, err_consts, range, user_list, utils                                           │
│  └──                                                                                                            │
╰─────────────────────────────────────────────────────────────────────────────────────────────────────────────────╯
╭───────────────────────────────────────────────────────────────────────────────────────────────────╮
│ Balance Changes                                                                                   │
├───────────────────────────────────────────────────────────────────────────────────────────────────┤
│  ┌──                                                                                              │
│  │ Owner: Account Address ( 0x42a27bbee48b8c97b05540e823e118fe6629bd5d83caf19ef8e9051bf3addf9e )  │
│  │ CoinType: 0x2::sui::SUI                                                                        │
│  │ Amount: -101208280                                                                             │
│  └──                                                                                              │
╰───────────────────────────────────────────────────────────────────────────────────────────────────╯
