Transaction Digest: G9z8Au54f4yhikiXswS3v2z77PvU2X6uePzNP998aJCE
╭──────────────────────────────────────────────────────────────────────────────────────────────────────────────╮
│ Transaction Data                                                                                             │
├──────────────────────────────────────────────────────────────────────────────────────────────────────────────┤
│ Sender: 0x42a27bbee48b8c97b05540e823e118fe6629bd5d83caf19ef8e9051bf3addf9e                                   │
│ Gas Owner: 0x42a27bbee48b8c97b05540e823e118fe6629bd5d83caf19ef8e9051bf3addf9e                                │
│ Gas Budget: 92903600 MIST                                                                                    │
│ Gas Price: 1000 MIST                                                                                         │
│ Gas Payment:                                                                                                 │
│  ┌──                                                                                                         │
│  │ ID: 0x20bab93ee03c99227eef75098cbe88a467ed8f7e2280b42ce2ce6849c13a9c01                                    │
│  │ Version: 183                                                                                              │
│  │ Digest: 4ffGQew3TUsvxpt6gZ1KBzjUPLbwGwybZjYMRXCMPybW                                                      │
│  └──                                                                                                         │
│                                                                                                              │
│ Transaction Kind: Programmable                                                                               │
│ ╭──────────────────────────────────────────────────────────────────────────────────────────────────────────╮ │
│ │ Input Objects                                                                                            │ │
│ ├──────────────────────────────────────────────────────────────────────────────────────────────────────────┤ │
│ │ 0   Pure Arg: Type: address, Value: "0x42a27bbee48b8c97b05540e823e118fe6629bd5d83caf19ef8e9051bf3addf9e" │ │
│ ╰──────────────────────────────────────────────────────────────────────────────────────────────────────────╯ │
│ ╭─────────────────────────────────────────────────────────────────────────╮                                  │
│ │ Commands                                                                │                                  │
│ ├─────────────────────────────────────────────────────────────────────────┤                                  │
│ │ 0  Publish:                                                             │                                  │
│ │  ┌                                                                      │                                  │
│ │  │ Dependencies:                                                        │                                  │
│ │  │   0x0000000000000000000000000000000000000000000000000000000000000001 │                                  │
│ │  │   0x0000000000000000000000000000000000000000000000000000000000000002 │                                  │
│ │  │   0x0000000000000000000000000000000000000000000000000000000000000003 │                                  │
│ │  └                                                                      │                                  │
│ │                                                                         │                                  │
│ │ 1  TransferObjects:                                                     │                                  │
│ │  ┌                                                                      │                                  │
│ │  │ Arguments:                                                           │                                  │
│ │  │   Result 0                                                           │                                  │
│ │  │ Address: Input  0                                                    │                                  │
│ │  └                                                                      │                                  │
│ ╰─────────────────────────────────────────────────────────────────────────╯                                  │
│                                                                                                              │
│ Signatures:                                                                                                  │
│    pdVaZynpRZdS3fhb9JUVCrp5/dqISE2ANZEXYCfjTNnksPboddGOa8dkJDRipgOpml794dJ00MQPyQB0tuTrCw==                  │
│                                                                                                              │
╰──────────────────────────────────────────────────────────────────────────────────────────────────────────────╯
╭───────────────────────────────────────────────────────────────────────────────────────────────────╮
│ Transaction Effects                                                                               │
├───────────────────────────────────────────────────────────────────────────────────────────────────┤
│ Digest: G9z8Au54f4yhikiXswS3v2z77PvU2X6uePzNP998aJCE                                              │
│ Status: Success                                                                                   │
│ Executed Epoch: 66                                                                                │
│                                                                                                   │
│ Created Objects:                                                                                  │
│  ┌──                                                                                              │
│  │ ID: 0x048a8cf93186bf68b5209c85eaff44d2af8c18ab2086d2962ce72c9eae0bdef8                         │
│  │ Owner: Immutable                                                                               │
│  │ Version: 1                                                                                     │
│  │ Digest: C5JQjrLKNwwxEEHtFqi6eg1NwDcQhGRu4XxUDDH4jYty                                           │
│  └──                                                                                              │
│  ┌──                                                                                              │
│  │ ID: 0x1c2537af4af20c29e851434a3d59882cb676940c2eabf77c1b54325e75106ba2                         │
│  │ Owner: Account Address ( 0x42a27bbee48b8c97b05540e823e118fe6629bd5d83caf19ef8e9051bf3addf9e )  │
│  │ Version: 184                                                                                   │
│  │ Digest: HXqNT7y2uEB93NmeZewuAuKhsuPFgLHzayNZHxECHv6i                                           │
│  └──                                                                                              │
│  ┌──                                                                                              │
│  │ ID: 0x46d8d542ccd917e677d9cc75c008cef9c4a4b32fb3cf4e47606b0dda849e1843                         │
│  │ Owner: Shared( 184 )                                                                           │
│  │ Version: 184                                                                                   │
│  │ Digest: 4MpPAde7J3ocMZHf6TfZ4CsFcwTEiPcK98gbDVrfux3v                                           │
│  └──                                                                                              │
│  ┌──                                                                                              │
│  │ ID: 0x5d21e1cbfc51e4ca478318f30dabe0d454305ae498815a023fa08393fe2b0a1b                         │
│  │ Owner: Shared( 184 )                                                                           │
│  │ Version: 184                                                                                   │
│  │ Digest: GG6dAnkPp2C3PiSCRQkcr7tY34kgAkzvQBTRGk3DrRxf                                           │
│  └──                                                                                              │
│  ┌──                                                                                              │
│  │ ID: 0x6d23438d113ea13cdcb4e6b68b83908e2ea4eec37b01e796382d8d39e321e86c                         │
│  │ Owner: Account Address ( 0x42a27bbee48b8c97b05540e823e118fe6629bd5d83caf19ef8e9051bf3addf9e )  │
│  │ Version: 184                                                                                   │
│  │ Digest: BLw461roLT4AF7DEbktP6JupSfEzgzo2JqzRtvw6UctN                                           │
│  └──                                                                                              │
│  ┌──                                                                                              │
│  │ ID: 0x86f889d9e48c20cca174234e55f46a7b26d43b67b746a76708bf0a533bf5c471                         │
│  │ Owner: Account Address ( 0x42a27bbee48b8c97b05540e823e118fe6629bd5d83caf19ef8e9051bf3addf9e )  │
│  │ Version: 184                                                                                   │
│  │ Digest: Dm8PqDTG9agfrcJyQeE3aJ82kQWevJ7gxAS4W53bRvUE                                           │
│  └──                                                                                              │
│ Mutated Objects:                                                                                  │
│  ┌──                                                                                              │
│  │ ID: 0x20bab93ee03c99227eef75098cbe88a467ed8f7e2280b42ce2ce6849c13a9c01                         │
│  │ Owner: Account Address ( 0x42a27bbee48b8c97b05540e823e118fe6629bd5d83caf19ef8e9051bf3addf9e )  │
│  │ Version: 184                                                                                   │
│  │ Digest: FkFkhxmKYsuW3JzxGKr6JkowByGewWFSwQB8ww7vSW8Z                                           │
│  └──                                                                                              │
│ Gas Object:                                                                                       │
│  ┌──                                                                                              │
│  │ ID: 0x20bab93ee03c99227eef75098cbe88a467ed8f7e2280b42ce2ce6849c13a9c01                         │
│  │ Owner: Account Address ( 0x42a27bbee48b8c97b05540e823e118fe6629bd5d83caf19ef8e9051bf3addf9e )  │
│  │ Version: 184                                                                                   │
│  │ Digest: FkFkhxmKYsuW3JzxGKr6JkowByGewWFSwQB8ww7vSW8Z                                           │
│  └──                                                                                              │
│ Gas Cost Summary:                                                                                 │
│    Storage Cost: 90903600 MIST                                                                    │
│    Computation Cost: 1000000 MIST                                                                 │
│    Storage Rebate: 978120 MIST                                                                    │
│    Non-refundable Storage Fee: 9880 MIST                                                          │
│                                                                                                   │
│ Transaction Dependencies:                                                                         │
│    Vv6a5naFb6YsgjNmSUeW9UsidQeHSZYxSM9xSdh9zmV                                                    │
│    FJ4seFsznXzr8cyNndXoBqMvvj7sYmEVQ2o423RsEeT7                                                   │
╰───────────────────────────────────────────────────────────────────────────────────────────────────╯
╭─────────────────────────────╮
│ No transaction block events │
╰─────────────────────────────╯

╭────────────────────────────────────────────────────────────────────────────────────────────────────────────────╮
│ Object Changes                                                                                                 │
├────────────────────────────────────────────────────────────────────────────────────────────────────────────────┤
│ Created Objects:                                                                                               │
│  ┌──                                                                                                           │
│  │ ObjectID: 0x1c2537af4af20c29e851434a3d59882cb676940c2eabf77c1b54325e75106ba2                                │
│  │ Sender: 0x42a27bbee48b8c97b05540e823e118fe6629bd5d83caf19ef8e9051bf3addf9e                                  │
│  │ Owner: Account Address ( 0x42a27bbee48b8c97b05540e823e118fe6629bd5d83caf19ef8e9051bf3addf9e )               │
│  │ ObjectType: 0x48a8cf93186bf68b5209c85eaff44d2af8c18ab2086d2962ce72c9eae0bdef8::deposit_bonus::OperatorCap   │
│  │ Version: 184                                                                                                │
│  │ Digest: HXqNT7y2uEB93NmeZewuAuKhsuPFgLHzayNZHxECHv6i                                                        │
│  └──                                                                                                           │
│  ┌──                                                                                                           │
│  │ ObjectID: 0x46d8d542ccd917e677d9cc75c008cef9c4a4b32fb3cf4e47606b0dda849e1843                                │
│  │ Sender: 0x42a27bbee48b8c97b05540e823e118fe6629bd5d83caf19ef8e9051bf3addf9e                                  │
│  │ Owner: Shared( 184 )                                                                                        │
│  │ ObjectType: 0x48a8cf93186bf68b5209c85eaff44d2af8c18ab2086d2962ce72c9eae0bdef8::deposit_bonus::BonusHistory  │
│  │ Version: 184                                                                                                │
│  │ Digest: 4MpPAde7J3ocMZHf6TfZ4CsFcwTEiPcK98gbDVrfux3v                                                        │
│  └──                                                                                                           │
│  ┌──                                                                                                           │
│  │ ObjectID: 0x5d21e1cbfc51e4ca478318f30dabe0d454305ae498815a023fa08393fe2b0a1b                                │
│  │ Sender: 0x42a27bbee48b8c97b05540e823e118fe6629bd5d83caf19ef8e9051bf3addf9e                                  │
│  │ Owner: Shared( 184 )                                                                                        │
│  │ ObjectType: 0x48a8cf93186bf68b5209c85eaff44d2af8c18ab2086d2962ce72c9eae0bdef8::deposit_bonus::Storage       │
│  │ Version: 184                                                                                                │
│  │ Digest: GG6dAnkPp2C3PiSCRQkcr7tY34kgAkzvQBTRGk3DrRxf                                                        │
│  └──                                                                                                           │
│  ┌──                                                                                                           │
│  │ ObjectID: 0x6d23438d113ea13cdcb4e6b68b83908e2ea4eec37b01e796382d8d39e321e86c                                │
│  │ Sender: 0x42a27bbee48b8c97b05540e823e118fe6629bd5d83caf19ef8e9051bf3addf9e                                  │
│  │ Owner: Account Address ( 0x42a27bbee48b8c97b05540e823e118fe6629bd5d83caf19ef8e9051bf3addf9e )               │
│  │ ObjectType: 0x48a8cf93186bf68b5209c85eaff44d2af8c18ab2086d2962ce72c9eae0bdef8::deposit_bonus::AdminCap      │
│  │ Version: 184                                                                                                │
│  │ Digest: BLw461roLT4AF7DEbktP6JupSfEzgzo2JqzRtvw6UctN                                                        │
│  └──                                                                                                           │
│  ┌──                                                                                                           │
│  │ ObjectID: 0x86f889d9e48c20cca174234e55f46a7b26d43b67b746a76708bf0a533bf5c471                                │
│  │ Sender: 0x42a27bbee48b8c97b05540e823e118fe6629bd5d83caf19ef8e9051bf3addf9e                                  │
│  │ Owner: Account Address ( 0x42a27bbee48b8c97b05540e823e118fe6629bd5d83caf19ef8e9051bf3addf9e )               │
│  │ ObjectType: 0x2::package::UpgradeCap                                                                        │
│  │ Version: 184                                                                                                │
│  │ Digest: Dm8PqDTG9agfrcJyQeE3aJ82kQWevJ7gxAS4W53bRvUE                                                        │
│  └──                                                                                                           │
│ Mutated Objects:                                                                                               │
│  ┌──                                                                                                           │
│  │ ObjectID: 0x20bab93ee03c99227eef75098cbe88a467ed8f7e2280b42ce2ce6849c13a9c01                                │
│  │ Sender: 0x42a27bbee48b8c97b05540e823e118fe6629bd5d83caf19ef8e9051bf3addf9e                                  │
│  │ Owner: Account Address ( 0x42a27bbee48b8c97b05540e823e118fe6629bd5d83caf19ef8e9051bf3addf9e )               │
│  │ ObjectType: 0x2::coin::Coin<0x2::sui::SUI>                                                                  │
│  │ Version: 184                                                                                                │
│  │ Digest: FkFkhxmKYsuW3JzxGKr6JkowByGewWFSwQB8ww7vSW8Z                                                        │
│  └──                                                                                                           │
│ Published Objects:                                                                                             │
│  ┌──                                                                                                           │
│  │ PackageID: 0x048a8cf93186bf68b5209c85eaff44d2af8c18ab2086d2962ce72c9eae0bdef8                               │
│  │ Version: 1                                                                                                  │
│  │ Digest: C5JQjrLKNwwxEEHtFqi6eg1NwDcQhGRu4XxUDDH4jYty                                                        │
│  │ Modules: bonus, deposit_bonus, err_consts, range, utils                                                     │
│  └──                                                                                                           │
╰────────────────────────────────────────────────────────────────────────────────────────────────────────────────╯
╭───────────────────────────────────────────────────────────────────────────────────────────────────╮
│ Balance Changes                                                                                   │
├───────────────────────────────────────────────────────────────────────────────────────────────────┤
│  ┌──                                                                                              │
│  │ Owner: Account Address ( 0x42a27bbee48b8c97b05540e823e118fe6629bd5d83caf19ef8e9051bf3addf9e )  │
│  │ CoinType: 0x2::sui::SUI                                                                        │
│  │ Amount: -90925480                                                                              │
│  └──                                                                                              │
╰───────────────────────────────────────────────────────────────────────────────────────────────────╯
