Transaction Digest: 8E3zGExqsM3UhU7jE1Fi2rMLY2zoT2sSwrA5Gc4w1MuC
╭──────────────────────────────────────────────────────────────────────────────────────────────────────────────╮
│ Transaction Data                                                                                             │
├──────────────────────────────────────────────────────────────────────────────────────────────────────────────┤
│ Sender: 0x540105a7d2f5f54a812c630f2996f1790ed0e60d1f9a870ce397f03e4cec9b38                                   │
│ Gas Owner: 0x540105a7d2f5f54a812c630f2996f1790ed0e60d1f9a870ce397f03e4cec9b38                                │
│ Gas Budget: 92500800 MIST                                                                                    │
│ Gas Price: 1000 MIST                                                                                         │
│ Gas Payment:                                                                                                 │
│  ┌──                                                                                                         │
│  │ ID: 0x6f6d6042a2c7830749c4555818daac9d568295c6e4b485a389b6534eeda1b75c                                    │
│  │ Version: 3759535                                                                                          │
│  │ Digest: BWaAWgynLAYwgvY4QYosNX8Kd2SV4EqRKFBAnjKYb7Ke                                                      │
│  └──                                                                                                         │
│                                                                                                              │
│ Transaction Kind: Programmable                                                                               │
│ ╭──────────────────────────────────────────────────────────────────────────────────────────────────────────╮ │
│ │ Input Objects                                                                                            │ │
│ ├──────────────────────────────────────────────────────────────────────────────────────────────────────────┤ │
│ │ 0   Pure Arg: Type: address, Value: "0x540105a7d2f5f54a812c630f2996f1790ed0e60d1f9a870ce397f03e4cec9b38" │ │
│ ╰──────────────────────────────────────────────────────────────────────────────────────────────────────────╯ │
│ ╭─────────────────────────────────────────────────────────────────────────╮                                  │
│ │ Commands                                                                │                                  │
│ ├─────────────────────────────────────────────────────────────────────────┤                                  │
│ │ 0  Publish:                                                             │                                  │
│ │  ┌                                                                      │                                  │
│ │  │ Dependencies:                                                        │                                  │
│ │  │   0x0000000000000000000000000000000000000000000000000000000000000001 │                                  │
│ │  │   0x0000000000000000000000000000000000000000000000000000000000000002 │                                  │
│ │  │   0x0000000000000000000000000000000000000000000000000000000000000003 │                                  │
│ │  └                                                                      │                                  │
│ │                                                                         │                                  │
│ │ 1  TransferObjects:                                                     │                                  │
│ │  ┌                                                                      │                                  │
│ │  │ Arguments:                                                           │                                  │
│ │  │   Result 0                                                           │                                  │
│ │  │ Address: Input  0                                                    │                                  │
│ │  └                                                                      │                                  │
│ ╰─────────────────────────────────────────────────────────────────────────╯                                  │
│                                                                                                              │
│ Signatures:                                                                                                  │
│    tBJtRbud7f8HltyNRx3i7Ulr52acZhzQ1hrz5tJ1LOwU/Qf1f8Ko0CVJYGMiUVMpdGW/5NcWuwTHKVRFNYHBGA==                  │
│                                                                                                              │
╰──────────────────────────────────────────────────────────────────────────────────────────────────────────────╯
╭───────────────────────────────────────────────────────────────────────────────────────────────────╮
│ Transaction Effects                                                                               │
├───────────────────────────────────────────────────────────────────────────────────────────────────┤
│ Digest: 8E3zGExqsM3UhU7jE1Fi2rMLY2zoT2sSwrA5Gc4w1MuC                                              │
│ Status: Success                                                                                   │
│ Executed Epoch: 55                                                                                │
│                                                                                                   │
│ Created Objects:                                                                                  │
│  ┌──                                                                                              │
│  │ ID: 0x0cb09b57502c6d8d3b5bc564b6cfff50cd6a385ad2bfd95e03572337456a5a3b                         │
│  │ Owner: Shared( 3759536 )                                                                       │
│  │ Version: 3759536                                                                               │
│  │ Digest: 8ZBm4pHtjCZKXmjwguER2hQWQCPYmWC8ha8ZM8xV34Ch                                           │
│  └──                                                                                              │
│  ┌──                                                                                              │
│  │ ID: 0x1cce96c4501bb55be974405e30265e60c4221f250cb70a84632d46e7d0c03a93                         │
│  │ Owner: Immutable                                                                               │
│  │ Version: 1                                                                                     │
│  │ Digest: GyxakbCK1DgftnsxoD1a6HNphUicjJuXVJoW2S8MyLQj                                           │
│  └──                                                                                              │
│  ┌──                                                                                              │
│  │ ID: 0x3e38db0c4713de66f82e9d027cbc9bc181a16dfc6a09ef8a837b0542af3a2680                         │
│  │ Owner: Account Address ( 0x540105a7d2f5f54a812c630f2996f1790ed0e60d1f9a870ce397f03e4cec9b38 )  │
│  │ Version: 3759536                                                                               │
│  │ Digest: 9KVhM9eQju48vGmy1677bXtyc21nNvyPShGA8B9CMBx9                                           │
│  └──                                                                                              │
│  ┌──                                                                                              │
│  │ ID: 0x467cb867aa0fe7f5f852e6072c850bfde9707ee3cb6ecbc0a0ea800fe26f9799                         │
│  │ Owner: Shared( 3759536 )                                                                       │
│  │ Version: 3759536                                                                               │
│  │ Digest: FN4Mo2CTrrrmwYDkVQbcjPafHPiEggKwi9HczBUPBgxC                                           │
│  └──                                                                                              │
│  ┌──                                                                                              │
│  │ ID: 0xe6d6ca8c62ee70a603549b0db970dc892b04fb4bfc78a8ea09434c1ca4390fea                         │
│  │ Owner: Account Address ( 0x540105a7d2f5f54a812c630f2996f1790ed0e60d1f9a870ce397f03e4cec9b38 )  │
│  │ Version: 3759536                                                                               │
│  │ Digest: 8vE3Fwa5rC43FYtvrx9ZaKsh1fiu2B2R8bVC81rXibP4                                           │
│  └──                                                                                              │
│  ┌──                                                                                              │
│  │ ID: 0xf02eadfa9b31f898ed0ce6700592dd34ee81c44810a720b89671ddb84ba75bd8                         │
│  │ Owner: Account Address ( 0x540105a7d2f5f54a812c630f2996f1790ed0e60d1f9a870ce397f03e4cec9b38 )  │
│  │ Version: 3759536                                                                               │
│  │ Digest: 8j8cfUjuufeXqYuveCZVrJWiNYrwH9fyq3zcdcjzwXb8                                           │
│  └──                                                                                              │
│ Mutated Objects:                                                                                  │
│  ┌──                                                                                              │
│  │ ID: 0x6f6d6042a2c7830749c4555818daac9d568295c6e4b485a389b6534eeda1b75c                         │
│  │ Owner: Account Address ( 0x540105a7d2f5f54a812c630f2996f1790ed0e60d1f9a870ce397f03e4cec9b38 )  │
│  │ Version: 3759536                                                                               │
│  │ Digest: 9BTBKmZVEyAVekYRjt87hHJofm28SiD4nZLoSh1YPs7x                                           │
│  └──                                                                                              │
│ Gas Object:                                                                                       │
│  ┌──                                                                                              │
│  │ ID: 0x6f6d6042a2c7830749c4555818daac9d568295c6e4b485a389b6534eeda1b75c                         │
│  │ Owner: Account Address ( 0x540105a7d2f5f54a812c630f2996f1790ed0e60d1f9a870ce397f03e4cec9b38 )  │
│  │ Version: 3759536                                                                               │
│  │ Digest: 9BTBKmZVEyAVekYRjt87hHJofm28SiD4nZLoSh1YPs7x                                           │
│  └──                                                                                              │
│ Gas Cost Summary:                                                                                 │
│    Storage Cost: 90500800 MIST                                                                    │
│    Computation Cost: 1000000 MIST                                                                 │
│    Storage Rebate: 978120 MIST                                                                    │
│    Non-refundable Storage Fee: 9880 MIST                                                          │
│                                                                                                   │
│ Transaction Dependencies:                                                                         │
│    7keggE3UBaawN81YEWW8AZnLsLoAxdFFoJ2k1d6RSngN                                                   │
│    FJ4seFsznXzr8cyNndXoBqMvvj7sYmEVQ2o423RsEeT7                                                   │
╰───────────────────────────────────────────────────────────────────────────────────────────────────╯
╭─────────────────────────────╮
│ No transaction block events │
╰─────────────────────────────╯

╭─────────────────────────────────────────────────────────────────────────────────────────────────────────────────╮
│ Object Changes                                                                                                  │
├─────────────────────────────────────────────────────────────────────────────────────────────────────────────────┤
│ Created Objects:                                                                                                │
│  ┌──                                                                                                            │
│  │ ObjectID: 0x0cb09b57502c6d8d3b5bc564b6cfff50cd6a385ad2bfd95e03572337456a5a3b                                 │
│  │ Sender: 0x540105a7d2f5f54a812c630f2996f1790ed0e60d1f9a870ce397f03e4cec9b38                                   │
│  │ Owner: Shared( 3759536 )                                                                                     │
│  │ ObjectType: 0x1cce96c4501bb55be974405e30265e60c4221f250cb70a84632d46e7d0c03a93::deposit_bonus::Storage       │
│  │ Version: 3759536                                                                                             │
│  │ Digest: 8ZBm4pHtjCZKXmjwguER2hQWQCPYmWC8ha8ZM8xV34Ch                                                         │
│  └──                                                                                                            │
│  ┌──                                                                                                            │
│  │ ObjectID: 0x3e38db0c4713de66f82e9d027cbc9bc181a16dfc6a09ef8a837b0542af3a2680                                 │
│  │ Sender: 0x540105a7d2f5f54a812c630f2996f1790ed0e60d1f9a870ce397f03e4cec9b38                                   │
│  │ Owner: Account Address ( 0x540105a7d2f5f54a812c630f2996f1790ed0e60d1f9a870ce397f03e4cec9b38 )                │
│  │ ObjectType: 0x1cce96c4501bb55be974405e30265e60c4221f250cb70a84632d46e7d0c03a93::deposit_bonus::AdminCap      │
│  │ Version: 3759536                                                                                             │
│  │ Digest: 9KVhM9eQju48vGmy1677bXtyc21nNvyPShGA8B9CMBx9                                                         │
│  └──                                                                                                            │
│  ┌──                                                                                                            │
│  │ ObjectID: 0x467cb867aa0fe7f5f852e6072c850bfde9707ee3cb6ecbc0a0ea800fe26f9799                                 │
│  │ Sender: 0x540105a7d2f5f54a812c630f2996f1790ed0e60d1f9a870ce397f03e4cec9b38                                   │
│  │ Owner: Shared( 3759536 )                                                                                     │
│  │ ObjectType: 0x1cce96c4501bb55be974405e30265e60c4221f250cb70a84632d46e7d0c03a93::deposit_bonus::BonusHistory  │
│  │ Version: 3759536                                                                                             │
│  │ Digest: FN4Mo2CTrrrmwYDkVQbcjPafHPiEggKwi9HczBUPBgxC                                                         │
│  └──                                                                                                            │
│  ┌──                                                                                                            │
│  │ ObjectID: 0xe6d6ca8c62ee70a603549b0db970dc892b04fb4bfc78a8ea09434c1ca4390fea                                 │
│  │ Sender: 0x540105a7d2f5f54a812c630f2996f1790ed0e60d1f9a870ce397f03e4cec9b38                                   │
│  │ Owner: Account Address ( 0x540105a7d2f5f54a812c630f2996f1790ed0e60d1f9a870ce397f03e4cec9b38 )                │
│  │ ObjectType: 0x1cce96c4501bb55be974405e30265e60c4221f250cb70a84632d46e7d0c03a93::deposit_bonus::OperatorCap   │
│  │ Version: 3759536                                                                                             │
│  │ Digest: 8vE3Fwa5rC43FYtvrx9ZaKsh1fiu2B2R8bVC81rXibP4                                                         │
│  └──                                                                                                            │
│  ┌──                                                                                                            │
│  │ ObjectID: 0xf02eadfa9b31f898ed0ce6700592dd34ee81c44810a720b89671ddb84ba75bd8                                 │
│  │ Sender: 0x540105a7d2f5f54a812c630f2996f1790ed0e60d1f9a870ce397f03e4cec9b38                                   │
│  │ Owner: Account Address ( 0x540105a7d2f5f54a812c630f2996f1790ed0e60d1f9a870ce397f03e4cec9b38 )                │
│  │ ObjectType: 0x2::package::UpgradeCap                                                                         │
│  │ Version: 3759536                                                                                             │
│  │ Digest: 8j8cfUjuufeXqYuveCZVrJWiNYrwH9fyq3zcdcjzwXb8                                                         │
│  └──                                                                                                            │
│ Mutated Objects:                                                                                                │
│  ┌──                                                                                                            │
│  │ ObjectID: 0x6f6d6042a2c7830749c4555818daac9d568295c6e4b485a389b6534eeda1b75c                                 │
│  │ Sender: 0x540105a7d2f5f54a812c630f2996f1790ed0e60d1f9a870ce397f03e4cec9b38                                   │
│  │ Owner: Account Address ( 0x540105a7d2f5f54a812c630f2996f1790ed0e60d1f9a870ce397f03e4cec9b38 )                │
│  │ ObjectType: 0x2::coin::Coin<0x2::sui::SUI>                                                                   │
│  │ Version: 3759536                                                                                             │
│  │ Digest: 9BTBKmZVEyAVekYRjt87hHJofm28SiD4nZLoSh1YPs7x                                                         │
│  └──                                                                                                            │
│ Published Objects:                                                                                              │
│  ┌──                                                                                                            │
│  │ PackageID: 0x1cce96c4501bb55be974405e30265e60c4221f250cb70a84632d46e7d0c03a93                                │
│  │ Version: 1                                                                                                   │
│  │ Digest: GyxakbCK1DgftnsxoD1a6HNphUicjJuXVJoW2S8MyLQj                                                         │
│  │ Modules: bonus, deposit_bonus, err_consts, range, utils                                                      │
│  └──                                                                                                            │
╰─────────────────────────────────────────────────────────────────────────────────────────────────────────────────╯
╭───────────────────────────────────────────────────────────────────────────────────────────────────╮
│ Balance Changes                                                                                   │
├───────────────────────────────────────────────────────────────────────────────────────────────────┤
│  ┌──                                                                                              │
│  │ Owner: Account Address ( 0x540105a7d2f5f54a812c630f2996f1790ed0e60d1f9a870ce397f03e4cec9b38 )  │
│  │ CoinType: 0x2::sui::SUI                                                                        │
│  │ Amount: -90522680                                                                              │
│  └──                                                                                              │
╰───────────────────────────────────────────────────────────────────────────────────────────────────╯
