$sui client switch --env mainnet
[warning] Client/Server api version mismatch, client api version : 1.38.0, server api version : 1.39.0
Active environment switched to [mainnet]
$sui client ptb --split-coins gas [1000000000] --assign coin1 --move-call \
  0x3::sui_system::request_add_stake  @$SYSTEM_STATE coin1 @$VD_ADDR
[warning] Client/Server api version mismatch, client api version : 1.38.0, server api version : 1.38.3
Transaction Digest: 3hFaLrrDG4g5ADm5AY7BSQXjjCmYHbk5ftwxrdZKt2NE
╭──────────────────────────────────────────────────────────────────────────────────────────────────────────────╮
│ Transaction Data                                                                                             │
├──────────────────────────────────────────────────────────────────────────────────────────────────────────────┤
│ Sender: 0xafe36044ef56d22494bfe6231e78dd128f097693f2d974761ee4d649e61f5fa2                                   │
│ Gas Owner: 0xafe36044ef56d22494bfe6231e78dd128f097693f2d974761ee4d649e61f5fa2                                │
│ Gas Budget: 11449692 MIST                                                                                    │
│ Gas Price: 750 MIST                                                                                          │
│ Gas Payment:                                                                                                 │
│  ┌──                                                                                                         │
│  │ ID: 0xb2da1bf9bb933878ceacd9a3dc37430d1417137f954a232852e1a326fd8f39fe                                    │
│  │ Version: 442400585                                                                                        │
│  │ Digest: FaxMsNwDYQyoig3RRdFbYQSHhwfapaj82yeRGXUzMCSp                                                      │
│  └──                                                                                                         │
│                                                                                                              │
│ Transaction Kind: Programmable                                                                               │
│ ╭──────────────────────────────────────────────────────────────────────────────────────────────────────────╮ │
│ │ Input Objects                                                                                            │ │
│ ├──────────────────────────────────────────────────────────────────────────────────────────────────────────┤ │
│ │ 0   Pure Arg: Type: u64, Value: "1000000000"                                                             │ │
│ │ 1   Shared Object    ID: 0x0000000000000000000000000000000000000000000000000000000000000005              │ │
│ │ 2   Pure Arg: Type: address, Value: "0x4fffd0005522be4bc029724c7f0f6ed7093a6bf3a09b90e62f61dc15181e1a3e" │ │
│ ╰──────────────────────────────────────────────────────────────────────────────────────────────────────────╯ │
│ ╭──────────────────────────────────────────────────────────────────────────────────╮                         │
│ │ Commands                                                                         │                         │
│ ├──────────────────────────────────────────────────────────────────────────────────┤                         │
│ │ 0  SplitCoins:                                                                   │                         │
│ │  ┌                                                                               │                         │
│ │  │ Coin: GasCoin                                                                 │                         │
│ │  │ Amounts:                                                                      │                         │
│ │  │   Input  0                                                                    │                         │
│ │  └                                                                               │                         │
│ │                                                                                  │                         │
│ │ 1  MoveCall:                                                                     │                         │
│ │  ┌                                                                               │                         │
│ │  │ Function:  request_add_stake                                                  │                         │
│ │  │ Module:    sui_system                                                         │                         │
│ │  │ Package:   0x0000000000000000000000000000000000000000000000000000000000000003 │                         │
│ │  │ Arguments:                                                                    │                         │
│ │  │   Input  1                                                                    │                         │
│ │  │   Result 0                                                                    │                         │
│ │  │   Input  2                                                                    │                         │
│ │  └                                                                               │                         │
│ ╰──────────────────────────────────────────────────────────────────────────────────╯                         │
│                                                                                                              │
│ Signatures:                                                                                                  │
│    9cQ2gQpbx56QVb0gvlOjgc/qZxXsAkJcTUGBYao5nlK1+EmQ+aCTHOweFtwn6AJAmCrKVnzXhc3HihzzlDkwBw==                  │
│                                                                                                              │
╰──────────────────────────────────────────────────────────────────────────────────────────────────────────────╯
╭───────────────────────────────────────────────────────────────────────────────────────────────────╮
│ Transaction Effects                                                                               │
├───────────────────────────────────────────────────────────────────────────────────────────────────┤
│ Digest: 3hFaLrrDG4g5ADm5AY7BSQXjjCmYHbk5ftwxrdZKt2NE                                              │
│ Status: Success                                                                                   │
│ Executed Epoch: 605                                                                               │
│                                                                                                   │
│ Created Objects:                                                                                  │
│  ┌──                                                                                              │
│  │ ID: 0x6aba4d3378bad22996bc3fb9ffa60b25f46ab74df36018b14bb08c2a417ee785                         │
│  │ Owner: Account Address ( 0xafe36044ef56d22494bfe6231e78dd128f097693f2d974761ee4d649e61f5fa2 )  │
│  │ Version: 442402145                                                                             │
│  │ Digest: A3hrR62HejapRnhJP3b1rqfRGHxhSjwyGzgZz96zpgm8                                           │
│  └──                                                                                              │
│ Mutated Objects:                                                                                  │
│  ┌──                                                                                              │
│  │ ID: 0x0000000000000000000000000000000000000000000000000000000000000005                         │
│  │ Owner: Shared( 1 )                                                                             │
│  │ Version: 442402145                                                                             │
│  │ Digest: 95XW3wb7uYZ4DVJPE7pqyko1aMq7iZ9UbjAERQt92xdP                                           │
│  └──                                                                                              │
│  ┌──                                                                                              │
│  │ ID: 0x5b890eaf2abcfa2ab90b77b8e6f3d5d8609586c3e583baf3dccd5af17edf48d1                         │
│  │ Owner: Object ID: ( 0x0000000000000000000000000000000000000000000000000000000000000005 )       │
│  │ Version: 442402145                                                                             │
│  │ Digest: C9hBGR1CXUFT71tZxUXGA4VUw24CWDEwpxSekdqz8pMx                                           │
│  └──                                                                                              │
│  ┌──                                                                                              │
│  │ ID: 0xb2da1bf9bb933878ceacd9a3dc37430d1417137f954a232852e1a326fd8f39fe                         │
│  │ Owner: Account Address ( 0xafe36044ef56d22494bfe6231e78dd128f097693f2d974761ee4d649e61f5fa2 )  │
│  │ Version: 442402145                                                                             │
│  │ Digest: 99NqrBgnmgvbVUZnBoTPkL3G4KK9oMb5gd2KK2Usx6hQ                                           │
│  └──                                                                                              │
│ Shared Objects:                                                                                   │
│  ┌──                                                                                              │
│  │ ID: 0x0000000000000000000000000000000000000000000000000000000000000005                         │
│  │ Version: 442402144                                                                             │
│  │ Digest: 2aRZaxt39EBduorTtLyDaqhJMFLogvnJnqGPxTZfhV1t                                           │
│  └──                                                                                              │
│ Gas Object:                                                                                       │
│  ┌──                                                                                              │
│  │ ID: 0xb2da1bf9bb933878ceacd9a3dc37430d1417137f954a232852e1a326fd8f39fe                         │
│  │ Owner: Account Address ( 0xafe36044ef56d22494bfe6231e78dd128f097693f2d974761ee4d649e61f5fa2 )  │
│  │ Version: 442402145                                                                             │
│  │ Digest: 99NqrBgnmgvbVUZnBoTPkL3G4KK9oMb5gd2KK2Usx6hQ                                           │
│  └──                                                                                              │
│ Gas Cost Summary:                                                                                 │
│    Storage Cost: 769249200 MIST                                                                   │
│    Computation Cost: 750000 MIST                                                                  │
│    Storage Rebate: 760277628 MIST                                                                 │
│    Non-refundable Storage Fee: 7679572 MIST                                                       │
│                                                                                                   │
│ Transaction Dependencies:                                                                         │
│    9K5f96FB5rgonEXMhDzGmqUPsoz3KJk9JZTWRXKiGJSY                                                   │
│    Bg36xFBuESKUJvj7cQVKYex28x2L1p8tZTH4SjPFSRgK                                                   │
│    FPQJirZF6XaBX9wcmQbPUPPX9CzbpymnF3c8vtnpHqWt                                                   │
╰───────────────────────────────────────────────────────────────────────────────────────────────────╯
╭─────────────────────────────────────────────────────────────────────────────────────────────────╮
│ Transaction Block Events                                                                        │
├─────────────────────────────────────────────────────────────────────────────────────────────────┤
│  ┌──                                                                                            │
│  │ EventID: 3hFaLrrDG4g5ADm5AY7BSQXjjCmYHbk5ftwxrdZKt2NE:0                                      │
│  │ PackageID: 0x0000000000000000000000000000000000000000000000000000000000000003                │
│  │ Transaction Module: sui_system                                                               │
│  │ Sender: 0xafe36044ef56d22494bfe6231e78dd128f097693f2d974761ee4d649e61f5fa2                   │
│  │ EventType: 0x3::validator::StakingRequestEvent                                               │
│  │ ParsedJSON:                                                                                  │
│  │   ┌───────────────────┬────────────────────────────────────────────────────────────────────┐ │
│  │   │ amount            │ 1000000000                                                         │ │
│  │   ├───────────────────┼────────────────────────────────────────────────────────────────────┤ │
│  │   │ epoch             │ 605                                                                │ │
│  │   ├───────────────────┼────────────────────────────────────────────────────────────────────┤ │
│  │   │ pool_id           │ 0x748a0ce980c3804d21267a4d359ac5c64bd40cb6a3e02a527b45f828cf8fd30d │ │
│  │   ├───────────────────┼────────────────────────────────────────────────────────────────────┤ │
│  │   │ staker_address    │ 0xafe36044ef56d22494bfe6231e78dd128f097693f2d974761ee4d649e61f5fa2 │ │
│  │   ├───────────────────┼────────────────────────────────────────────────────────────────────┤ │
│  │   │ validator_address │ 0x4fffd0005522be4bc029724c7f0f6ed7093a6bf3a09b90e62f61dc15181e1a3e │ │
│  │   └───────────────────┴────────────────────────────────────────────────────────────────────┘ │
│  └──                                                                                            │
╰─────────────────────────────────────────────────────────────────────────────────────────────────╯
╭────────────────────────────────────────────────────────────────────────────────────────────────────╮
│ Object Changes                                                                                     │
├────────────────────────────────────────────────────────────────────────────────────────────────────┤
│ Created Objects:                                                                                   │
│  ┌──                                                                                               │
│  │ ObjectID: 0x6aba4d3378bad22996bc3fb9ffa60b25f46ab74df36018b14bb08c2a417ee785                    │
│  │ Sender: 0xafe36044ef56d22494bfe6231e78dd128f097693f2d974761ee4d649e61f5fa2                      │
│  │ Owner: Account Address ( 0xafe36044ef56d22494bfe6231e78dd128f097693f2d974761ee4d649e61f5fa2 )   │
│  │ ObjectType: 0x3::staking_pool::StakedSui                                                        │
│  │ Version: 442402145                                                                              │
│  │ Digest: A3hrR62HejapRnhJP3b1rqfRGHxhSjwyGzgZz96zpgm8                                            │
│  └──                                                                                               │
│ Mutated Objects:                                                                                   │
│  ┌──                                                                                               │
│  │ ObjectID: 0x0000000000000000000000000000000000000000000000000000000000000005                    │
│  │ Sender: 0xafe36044ef56d22494bfe6231e78dd128f097693f2d974761ee4d649e61f5fa2                      │
│  │ Owner: Shared( 1 )                                                                              │
│  │ ObjectType: 0x3::sui_system::SuiSystemState                                                     │
│  │ Version: 442402145                                                                              │
│  │ Digest: 95XW3wb7uYZ4DVJPE7pqyko1aMq7iZ9UbjAERQt92xdP                                            │
│  └──                                                                                               │
│  ┌──                                                                                               │
│  │ ObjectID: 0x5b890eaf2abcfa2ab90b77b8e6f3d5d8609586c3e583baf3dccd5af17edf48d1                    │
│  │ Sender: 0xafe36044ef56d22494bfe6231e78dd128f097693f2d974761ee4d649e61f5fa2                      │
│  │ Owner: Object ID: ( 0x0000000000000000000000000000000000000000000000000000000000000005 )        │
│  │ ObjectType: 0x2::dynamic_field::Field<u64, 0x3::sui_system_state_inner::SuiSystemStateInnerV2>  │
│  │ Version: 442402145                                                                              │
│  │ Digest: C9hBGR1CXUFT71tZxUXGA4VUw24CWDEwpxSekdqz8pMx                                            │
│  └──                                                                                               │
│  ┌──                                                                                               │
│  │ ObjectID: 0xb2da1bf9bb933878ceacd9a3dc37430d1417137f954a232852e1a326fd8f39fe                    │
│  │ Sender: 0xafe36044ef56d22494bfe6231e78dd128f097693f2d974761ee4d649e61f5fa2                      │
│  │ Owner: Account Address ( 0xafe36044ef56d22494bfe6231e78dd128f097693f2d974761ee4d649e61f5fa2 )   │
│  │ ObjectType: 0x2::coin::Coin<0x2::sui::SUI>                                                      │
│  │ Version: 442402145                                                                              │
│  │ Digest: 99NqrBgnmgvbVUZnBoTPkL3G4KK9oMb5gd2KK2Usx6hQ                                            │
│  └──                                                                                               │
╰────────────────────────────────────────────────────────────────────────────────────────────────────╯
╭───────────────────────────────────────────────────────────────────────────────────────────────────╮
│ Balance Changes                                                                                   │
├───────────────────────────────────────────────────────────────────────────────────────────────────┤
│  ┌──                                                                                              │
│  │ Owner: Account Address ( 0xafe36044ef56d22494bfe6231e78dd128f097693f2d974761ee4d649e61f5fa2 )  │
│  │ CoinType: 0x2::sui::SUI                                                                        │
│  │ Amount: -1009721572                                                                            │
│  └──                                                                                              │
╰───────────────────────────────────────────────────────────────────────────────────────────────────╯

$ export CLIENT_ADDR=`sui client active-address`
cts $CLIENT_ADDR
[warning] Client/Server api version mismatch, client api version : 1.38.0, server api version : 1.38.3
$ sui client objects $CLIENT_ADDR
[warning] Client/Server api version mismatch, client api version : 1.38.0, server api version : 1.38.3
╭───────────────────────────────────────────────────────────────────────────────────────╮
│ ╭────────────┬──────────────────────────────────────────────────────────────────────╮ │
│ │ objectId   │  0x447b1d65be8fdeea53753054bf20782abbc8381dcd0c750a36a59512d6e08287  │ │
│ │ version    │  441779327                                                           │ │
│ │ digest     │  ueXhG8yK1FC0mF0qmhyTfP47OyN2yc9UvBllhTlIias=                        │ │
│ │ objectType │  0x0000..0002::coin::Coin                                            │ │
│ ╰────────────┴──────────────────────────────────────────────────────────────────────╯ │
│ ╭────────────┬──────────────────────────────────────────────────────────────────────╮ │
│ │ objectId   │  0x63dc4f8092871600b8a8b7542ea74280eba69be3b322fe0a135079b51bbbd4e3  │ │
│ │ version    │  442400585                                                           │ │
│ │ digest     │  jI8nal7AEATnpIOc62XPc2p9ofEoQ+ySai5EeOzZTpI=                        │ │
│ │ objectType │  0x0000..0003::staking_pool::StakedSui                               │ │
│ ╰────────────┴──────────────────────────────────────────────────────────────────────╯ │
│ ╭────────────┬──────────────────────────────────────────────────────────────────────╮ │
│ │ objectId   │  0x6aba4d3378bad22996bc3fb9ffa60b25f46ab74df36018b14bb08c2a417ee785  │ │
│ │ version    │  442402145                                                           │ │
│ │ digest     │  hmqJEu18t7+y3EEueHdiWp+3kEbf8fMm6Yw/qVezhwM=                        │ │
│ │ objectType │  0x0000..0003::staking_pool::StakedSui                               │ │
│ ╰────────────┴──────────────────────────────────────────────────────────────────────╯ │
│ ╭────────────┬──────────────────────────────────────────────────────────────────────╮ │
│ │ objectId   │  0x744bf7d34832a20523bb38f72470a440d42aaf42a5c736271f8a579ee157db6d  │ │
│ │ version    │  417869033                                                           │ │
│ │ digest     │  dWwAL1fVmHplJr/bxsy3t6k3G68Bv86x4ZcIecU36Ho=                        │ │
│ │ objectType │  0x2eb9..538f::nft_claim::NSClaimNFT                                 │ │
│ ╰────────────┴──────────────────────────────────────────────────────────────────────╯ │
│ ╭────────────┬──────────────────────────────────────────────────────────────────────╮ │
│ │ objectId   │  0x76e80fa711935ac1370e5b490081a0d582407914191aacc2a38c9012dc2c119c  │ │
│ │ version    │  442389019                                                           │ │
│ │ digest     │  YAd0msMME4JkKzpf4qykIRZKG/5FhMl+Pxh6pKEClpQ=                        │ │
│ │ objectType │  0x0000..0003::staking_pool::StakedSui                               │ │
│ ╰────────────┴──────────────────────────────────────────────────────────────────────╯ │
│ ╭────────────┬──────────────────────────────────────────────────────────────────────╮ │
│ │ objectId   │  0x8264492970dcb9398b12a3ce2a5e026d704b581c83ec77b8d722b54ed0c8c57b  │ │
│ │ version    │  441228713                                                           │ │
│ │ digest     │  AR2Z2lpuQ1ouTmDLQukNb5muyW7zqfTQHMn1YbuUvNk=                        │ │
│ │ objectType │  0x7fbe..b8ff::movexnft9324::NFT                                     │ │
│ ╰────────────┴──────────────────────────────────────────────────────────────────────╯ │
│ ╭────────────┬──────────────────────────────────────────────────────────────────────╮ │
│ │ objectId   │  0x92e3a52a127fda8325496807d1b91fbbc8f67a9630867f408db8350dfc46ce57  │ │
│ │ version    │  415586835                                                           │ │
│ │ digest     │  tCL6s4YX7jFpwB2uSlWomM3E/mjTQtc7+RHuinHDSo4=                        │ │
│ │ objectType │  0xcaf1..fa0f::nft_author::Author                                    │ │
│ ╰────────────┴──────────────────────────────────────────────────────────────────────╯ │
│ ╭────────────┬──────────────────────────────────────────────────────────────────────╮ │
│ │ objectId   │  0xb2da1bf9bb933878ceacd9a3dc37430d1417137f954a232852e1a326fd8f39fe  │ │
│ │ version    │  442402145                                                           │ │
│ │ digest     │  eQLWxSMbmxJWzMOZ/hGjK5L+njmbBddERtl3hyhkFbM=                        │ │
│ │ objectType │  0x0000..0002::coin::Coin                                            │ │
│ ╰────────────┴──────────────────────────────────────────────────────────────────────╯ │
│ ╭────────────┬──────────────────────────────────────────────────────────────────────╮ │
│ │ objectId   │  0xbba72d15ff386bd6e514abd5c1239733098c2b4525429741a93b873410980de2  │ │
│ │ version    │  416420243                                                           │ │
│ │ digest     │  JFn0ECqx7VCdzTtV9k2K1FjLYnE8LFS3d6IP1RIWm0w=                        │ │
│ │ objectType │  0x0000..0002::coin::Coin                                            │ │
│ ╰────────────┴──────────────────────────────────────────────────────────────────────╯ │
│ ╭────────────┬──────────────────────────────────────────────────────────────────────╮ │
│ │ objectId   │  0xe38a8c5b4cdbe4c0610dba104088f382d86508c63d3a87986726a178be5b392f  │ │
│ │ version    │  441779327                                                           │ │
│ │ digest     │  WJ5LtDB4zP4OovHFr0gI3kB01F79MhQNc1kkd50E5fo=                        │ │
│ │ objectType │  0x0000..0002::coin::Coin                                            │ │
│ ╰────────────┴──────────────────────────────────────────────────────────────────────╯ │
│ ╭────────────┬──────────────────────────────────────────────────────────────────────╮ │
│ │ objectId   │  0xe688fd7f7c424b62422a82810c4ae772a28f304605a60dd56e647ff850e1654b  │ │
│ │ version    │  441779327                                                           │ │
│ │ digest     │  34ii8diyx9GjHnB6VULLJkq4M7UNm0wWIsjK/4AxL3c=                        │ │
│ │ objectType │  0x0000..0002::coin::Coin                                            │ │
│ ╰────────────┴──────────────────────────────────────────────────────────────────────╯ │
│ ╭────────────┬──────────────────────────────────────────────────────────────────────╮ │
│ │ objectId   │  0xf885f93bdbcea805c173f81e9add0d1dee85707c8f0a327492d9179d7b74448c  │ │
│ │ version    │  441008292                                                           │ │
│ │ digest     │  VBG73n5giZRxfX8U6GjCDJxat/JZyJJDxOS8q/3u3ng=                        │ │
│ │ objectType │  0x0000..0002::coin::Coin                                            │ │
│ ╰────────────┴──────────────────────────────────────────────────────────────────────╯ │
╰───────────────────────────────────────────────────────────────────────────────────────╯
$export STAKE_OBJ=0x63dc4f8092871600b8a8b7542ea74280eba69be3b322fe0a135079b51bbbd4e3
ptb --move-call $ sui client ptb --move-call 0x3::sui_system::request_withdraw_stake @$SYSTEM_STATE @$STAKE_OBJ
[warning] Client/Server api version mismatch, client api version : 1.38.0, server api version : 1.38.3
Transaction Digest: 3btfWHnBPkachCRGLsUbx5MxcgYAT1ihNhMaVWMyLNjP
╭─────────────────────────────────────────────────────────────────────────────────────────────────╮
│ Transaction Data                                                                                │
├─────────────────────────────────────────────────────────────────────────────────────────────────┤
│ Sender: 0xafe36044ef56d22494bfe6231e78dd128f097693f2d974761ee4d649e61f5fa2                      │
│ Gas Owner: 0xafe36044ef56d22494bfe6231e78dd128f097693f2d974761ee4d649e61f5fa2                   │
│ Gas Budget: 9866612 MIST                                                                        │
│ Gas Price: 750 MIST                                                                             │
│ Gas Payment:                                                                                    │
│  ┌──                                                                                            │
│  │ ID: 0xb2da1bf9bb933878ceacd9a3dc37430d1417137f954a232852e1a326fd8f39fe                       │
│  │ Version: 442402145                                                                           │
│  │ Digest: 99NqrBgnmgvbVUZnBoTPkL3G4KK9oMb5gd2KK2Usx6hQ                                         │
│  └──                                                                                            │
│                                                                                                 │
│ Transaction Kind: Programmable                                                                  │
│ ╭─────────────────────────────────────────────────────────────────────────────────────────────╮ │
│ │ Input Objects                                                                               │ │
│ ├─────────────────────────────────────────────────────────────────────────────────────────────┤ │
│ │ 0   Shared Object    ID: 0x0000000000000000000000000000000000000000000000000000000000000005 │ │
│ │ 1   Imm/Owned Object ID: 0x63dc4f8092871600b8a8b7542ea74280eba69be3b322fe0a135079b51bbbd4e3 │ │
│ ╰─────────────────────────────────────────────────────────────────────────────────────────────╯ │
│ ╭──────────────────────────────────────────────────────────────────────────────────╮            │
│ │ Commands                                                                         │            │
│ ├──────────────────────────────────────────────────────────────────────────────────┤            │
│ │ 0  MoveCall:                                                                     │            │
│ │  ┌                                                                               │            │
│ │  │ Function:  request_withdraw_stake                                             │            │
│ │  │ Module:    sui_system                                                         │            │
│ │  │ Package:   0x0000000000000000000000000000000000000000000000000000000000000003 │            │
│ │  │ Arguments:                                                                    │            │
│ │  │   Input  0                                                                    │            │
│ │  │   Input  1                                                                    │            │
│ │  └                                                                               │            │
│ ╰──────────────────────────────────────────────────────────────────────────────────╯            │
│                                                                                                 │
│ Signatures:                                                                                     │
│    kBEcrN3YP5irbQgePnJhtmAMPM07Rk6pZRFCfqV12XN0vvjEvP1vgFgAdsIaIkpP429pKESHFJqb1S1o05TqBg==     │
│                                                                                                 │
╰─────────────────────────────────────────────────────────────────────────────────────────────────╯
╭───────────────────────────────────────────────────────────────────────────────────────────────────╮
│ Transaction Effects                                                                               │
├───────────────────────────────────────────────────────────────────────────────────────────────────┤
│ Digest: 3btfWHnBPkachCRGLsUbx5MxcgYAT1ihNhMaVWMyLNjP                                              │
│ Status: Success                                                                                   │
│ Executed Epoch: 605                                                                               │
│                                                                                                   │
│ Created Objects:                                                                                  │
│  ┌──                                                                                              │
│  │ ID: 0xe1d05fc3c96f35b92c5a9f37821502ada7c321b78722d12d0c3ced38741b8b66                         │
│  │ Owner: Account Address ( 0xafe36044ef56d22494bfe6231e78dd128f097693f2d974761ee4d649e61f5fa2 )  │
│  │ Version: 442403536                                                                             │
│  │ Digest: 9KTsTmLNGrwStocHHVLXB1TtyTiocmvgMQaQZGEJQzQ9                                           │
│  └──                                                                                              │
│ Mutated Objects:                                                                                  │
│  ┌──                                                                                              │
│  │ ID: 0x0000000000000000000000000000000000000000000000000000000000000005                         │
│  │ Owner: Shared( 1 )                                                                             │
│  │ Version: 442403536                                                                             │
│  │ Digest: BYdtbJ6t4EU3tPmhCpskceUngfX2PVGf3eRJsT9Y54zG                                           │
│  └──                                                                                              │
│  ┌──                                                                                              │
│  │ ID: 0x5b890eaf2abcfa2ab90b77b8e6f3d5d8609586c3e583baf3dccd5af17edf48d1                         │
│  │ Owner: Object ID: ( 0x0000000000000000000000000000000000000000000000000000000000000005 )       │
│  │ Version: 442403536                                                                             │
│  │ Digest: 95aYJDEQRDAYKL5jwPPLMAqVBW82zNfA5qScUZng77TX                                           │
│  └──                                                                                              │
│  ┌──                                                                                              │
│  │ ID: 0xb2da1bf9bb933878ceacd9a3dc37430d1417137f954a232852e1a326fd8f39fe                         │
│  │ Owner: Account Address ( 0xafe36044ef56d22494bfe6231e78dd128f097693f2d974761ee4d649e61f5fa2 )  │
│  │ Version: 442403536                                                                             │
│  │ Digest: DBxbvixFn782eXWh7jBPEWtoz5SyUAqhBbPGbVMg27Ao                                           │
│  └──                                                                                              │
│ Shared Objects:                                                                                   │
│  ┌──                                                                                              │
│  │ ID: 0x0000000000000000000000000000000000000000000000000000000000000005                         │
│  │ Version: 442403535                                                                             │
│  │ Digest: D7vQTDMwuHwTwxi5mfQC6weRotoK3U9ApqAJehGBUNcs                                           │
│  └──                                                                                              │
│ Deleted Objects:                                                                                  │
│  ┌──                                                                                              │
│  │ ID: 0x63dc4f8092871600b8a8b7542ea74280eba69be3b322fe0a135079b51bbbd4e3                         │
│  │ Version: 442403536                                                                             │
│  │ Digest: 7gyGAp71YXQRoxmFBaHxofQXAipvgHyBKPyxmdSJxyvz                                           │
│  └──                                                                                              │
│ Gas Object:                                                                                       │
│  ┌──                                                                                              │
│  │ ID: 0xb2da1bf9bb933878ceacd9a3dc37430d1417137f954a232852e1a326fd8f39fe                         │
│  │ Owner: Account Address ( 0xafe36044ef56d22494bfe6231e78dd128f097693f2d974761ee4d649e61f5fa2 )  │
│  │ Version: 442403536                                                                             │
│  │ Digest: DBxbvixFn782eXWh7jBPEWtoz5SyUAqhBbPGbVMg27Ao                                           │
│  └──                                                                                              │
│ Gas Cost Summary:                                                                                 │
│    Storage Cost: 768945200 MIST                                                                   │
│    Computation Cost: 750000 MIST                                                                  │
│    Storage Rebate: 761556708 MIST                                                                 │
│    Non-refundable Storage Fee: 7692492 MIST                                                       │
│                                                                                                   │
│ Transaction Dependencies:                                                                         │
│    DbE3WSQRPW9eGZzRrtuCszAMSRqSSSc7D4iyzh2QxjS                                                    │
│    3hFaLrrDG4g5ADm5AY7BSQXjjCmYHbk5ftwxrdZKt2NE                                                   │
│    9K5f96FB5rgonEXMhDzGmqUPsoz3KJk9JZTWRXKiGJSY                                                   │
│    FPQJirZF6XaBX9wcmQbPUPPX9CzbpymnF3c8vtnpHqWt                                                   │
╰───────────────────────────────────────────────────────────────────────────────────────────────────╯
╭──────────────────────────────────────────────────────────────────────────────────────────────────────╮
│ Transaction Block Events                                                                             │
├──────────────────────────────────────────────────────────────────────────────────────────────────────┤
│  ┌──                                                                                                 │
│  │ EventID: 3btfWHnBPkachCRGLsUbx5MxcgYAT1ihNhMaVWMyLNjP:0                                           │
│  │ PackageID: 0x0000000000000000000000000000000000000000000000000000000000000003                     │
│  │ Transaction Module: sui_system                                                                    │
│  │ Sender: 0xafe36044ef56d22494bfe6231e78dd128f097693f2d974761ee4d649e61f5fa2                        │
│  │ EventType: 0x3::validator::UnstakingRequestEvent                                                  │
│  │ ParsedJSON:                                                                                       │
│  │   ┌────────────────────────┬────────────────────────────────────────────────────────────────────┐ │
│  │   │ pool_id                │ 0x748a0ce980c3804d21267a4d359ac5c64bd40cb6a3e02a527b45f828cf8fd30d │ │
│  │   ├────────────────────────┼────────────────────────────────────────────────────────────────────┤ │
│  │   │ principal_amount       │ 1000000000                                                         │ │
│  │   ├────────────────────────┼────────────────────────────────────────────────────────────────────┤ │
│  │   │ reward_amount          │ 0                                                                  │ │
│  │   ├────────────────────────┼────────────────────────────────────────────────────────────────────┤ │
│  │   │ stake_activation_epoch │ 606                                                                │ │
│  │   ├────────────────────────┼────────────────────────────────────────────────────────────────────┤ │
│  │   │ staker_address         │ 0xafe36044ef56d22494bfe6231e78dd128f097693f2d974761ee4d649e61f5fa2 │ │
│  │   ├────────────────────────┼────────────────────────────────────────────────────────────────────┤ │
│  │   │ unstaking_epoch        │ 605                                                                │ │
│  │   ├────────────────────────┼────────────────────────────────────────────────────────────────────┤ │
│  │   │ validator_address      │ 0x4fffd0005522be4bc029724c7f0f6ed7093a6bf3a09b90e62f61dc15181e1a3e │ │
│  │   └────────────────────────┴────────────────────────────────────────────────────────────────────┘ │
│  └──                                                                                                 │
╰──────────────────────────────────────────────────────────────────────────────────────────────────────╯
╭────────────────────────────────────────────────────────────────────────────────────────────────────╮
│ Object Changes                                                                                     │
├────────────────────────────────────────────────────────────────────────────────────────────────────┤
│ Created Objects:                                                                                   │
│  ┌──                                                                                               │
│  │ ObjectID: 0xe1d05fc3c96f35b92c5a9f37821502ada7c321b78722d12d0c3ced38741b8b66                    │
│  │ Sender: 0xafe36044ef56d22494bfe6231e78dd128f097693f2d974761ee4d649e61f5fa2                      │
│  │ Owner: Account Address ( 0xafe36044ef56d22494bfe6231e78dd128f097693f2d974761ee4d649e61f5fa2 )   │
│  │ ObjectType: 0x2::coin::Coin<0x2::sui::SUI>                                                      │
│  │ Version: 442403536                                                                              │
│  │ Digest: 9KTsTmLNGrwStocHHVLXB1TtyTiocmvgMQaQZGEJQzQ9                                            │
│  └──                                                                                               │
│ Mutated Objects:                                                                                   │
│  ┌──                                                                                               │
│  │ ObjectID: 0x0000000000000000000000000000000000000000000000000000000000000005                    │
│  │ Sender: 0xafe36044ef56d22494bfe6231e78dd128f097693f2d974761ee4d649e61f5fa2                      │
│  │ Owner: Shared( 1 )                                                                              │
│  │ ObjectType: 0x3::sui_system::SuiSystemState                                                     │
│  │ Version: 442403536                                                                              │
│  │ Digest: BYdtbJ6t4EU3tPmhCpskceUngfX2PVGf3eRJsT9Y54zG                                            │
│  └──                                                                                               │
│  ┌──                                                                                               │
│  │ ObjectID: 0x5b890eaf2abcfa2ab90b77b8e6f3d5d8609586c3e583baf3dccd5af17edf48d1                    │
│  │ Sender: 0xafe36044ef56d22494bfe6231e78dd128f097693f2d974761ee4d649e61f5fa2                      │
│  │ Owner: Object ID: ( 0x0000000000000000000000000000000000000000000000000000000000000005 )        │
│  │ ObjectType: 0x2::dynamic_field::Field<u64, 0x3::sui_system_state_inner::SuiSystemStateInnerV2>  │
│  │ Version: 442403536                                                                              │
│  │ Digest: 95aYJDEQRDAYKL5jwPPLMAqVBW82zNfA5qScUZng77TX                                            │
│  └──                                                                                               │
│  ┌──                                                                                               │
│  │ ObjectID: 0xb2da1bf9bb933878ceacd9a3dc37430d1417137f954a232852e1a326fd8f39fe                    │
│  │ Sender: 0xafe36044ef56d22494bfe6231e78dd128f097693f2d974761ee4d649e61f5fa2                      │
│  │ Owner: Account Address ( 0xafe36044ef56d22494bfe6231e78dd128f097693f2d974761ee4d649e61f5fa2 )   │
│  │ ObjectType: 0x2::coin::Coin<0x2::sui::SUI>                                                      │
│  │ Version: 442403536                                                                              │
│  │ Digest: DBxbvixFn782eXWh7jBPEWtoz5SyUAqhBbPGbVMg27Ao                                            │
│  └──                                                                                               │
╰────────────────────────────────────────────────────────────────────────────────────────────────────╯
╭───────────────────────────────────────────────────────────────────────────────────────────────────╮
│ Balance Changes                                                                                   │
├───────────────────────────────────────────────────────────────────────────────────────────────────┤
│  ┌──                                                                                              │
│  │ Owner: Account Address ( 0xafe36044ef56d22494bfe6231e78dd128f097693f2d974761ee4d649e61f5fa2 )  │
│  │ CoinType: 0x2::sui::SUI                                                                        │
│  │ Amount: 991861508                                                                              │
│  └──                                                                                              │
╰───────────────────────────────────────────────────────────────────────────────────────────────────╯
