Transaction Digest: E9FUb2h5sjctvyXtecVqY6xRjyXGtLA6MDcRrMKFjf4E
╭──────────────────────────────────────────────────────────────────────────────────────────────────────────────╮
│ Transaction Data                                                                                             │
├──────────────────────────────────────────────────────────────────────────────────────────────────────────────┤
│ Sender: 0x42a27bbee48b8c97b05540e823e118fe6629bd5d83caf19ef8e9051bf3addf9e                                   │
│ Gas Owner: 0x42a27bbee48b8c97b05540e823e118fe6629bd5d83caf19ef8e9051bf3addf9e                                │
│ Gas Budget: 94210800 MIST                                                                                    │
│ Gas Price: 1000 MIST                                                                                         │
│ Gas Payment:                                                                                                 │
│  ┌──                                                                                                         │
│  │ ID: 0x20bab93ee03c99227eef75098cbe88a467ed8f7e2280b42ce2ce6849c13a9c01                                    │
│  │ Version: 179                                                                                              │
│  │ Digest: 3YWKEJcVVPYcwGEYiGuRUDDRBteaZCrJU82taL2GVDv2                                                      │
│  └──                                                                                                         │
│                                                                                                              │
│ Transaction Kind: Programmable                                                                               │
│ ╭──────────────────────────────────────────────────────────────────────────────────────────────────────────╮ │
│ │ Input Objects                                                                                            │ │
│ ├──────────────────────────────────────────────────────────────────────────────────────────────────────────┤ │
│ │ 0   Pure Arg: Type: address, Value: "0x42a27bbee48b8c97b05540e823e118fe6629bd5d83caf19ef8e9051bf3addf9e" │ │
│ ╰──────────────────────────────────────────────────────────────────────────────────────────────────────────╯ │
│ ╭─────────────────────────────────────────────────────────────────────────╮                                  │
│ │ Commands                                                                │                                  │
│ ├─────────────────────────────────────────────────────────────────────────┤                                  │
│ │ 0  Publish:                                                             │                                  │
│ │  ┌                                                                      │                                  │
│ │  │ Dependencies:                                                        │                                  │
│ │  │   0x0000000000000000000000000000000000000000000000000000000000000001 │                                  │
│ │  │   0x0000000000000000000000000000000000000000000000000000000000000002 │                                  │
│ │  │   0x0000000000000000000000000000000000000000000000000000000000000003 │                                  │
│ │  └                                                                      │                                  │
│ │                                                                         │                                  │
│ │ 1  TransferObjects:                                                     │                                  │
│ │  ┌                                                                      │                                  │
│ │  │ Arguments:                                                           │                                  │
│ │  │   Result 0                                                           │                                  │
│ │  │ Address: Input  0                                                    │                                  │
│ │  └                                                                      │                                  │
│ ╰─────────────────────────────────────────────────────────────────────────╯                                  │
│                                                                                                              │
│ Signatures:                                                                                                  │
│    JDRFqkSVFAeoMtnXYWFVq9EVTgAUo/I+Kdp+OwbtFocHl+mOHTOwuz6RY/c+WmlstJKhzu+yM36Da82qW3tGDg==                  │
│                                                                                                              │
╰──────────────────────────────────────────────────────────────────────────────────────────────────────────────╯
╭───────────────────────────────────────────────────────────────────────────────────────────────────╮
│ Transaction Effects                                                                               │
├───────────────────────────────────────────────────────────────────────────────────────────────────┤
│ Digest: E9FUb2h5sjctvyXtecVqY6xRjyXGtLA6MDcRrMKFjf4E                                              │
│ Status: Success                                                                                   │
│ Executed Epoch: 60                                                                                │
│                                                                                                   │
│ Created Objects:                                                                                  │
│  ┌──                                                                                              │
│  │ ID: 0x30cb4662625fa617f7ea9ab7cb48c51c53fcc73b432959ab458eb833e13b6960                         │
│  │ Owner: Account Address ( 0x42a27bbee48b8c97b05540e823e118fe6629bd5d83caf19ef8e9051bf3addf9e )  │
│  │ Version: 180                                                                                   │
│  │ Digest: CZRRxhX4ZUdWeSYetyjzrwG8SnqDUuFx6mnTTd9JWjkU                                           │
│  └──                                                                                              │
│  ┌──                                                                                              │
│  │ ID: 0x54574132d1447227108345fce15d0ff126769f78015207363eec7bc4905ccb46                         │
│  │ Owner: Account Address ( 0x42a27bbee48b8c97b05540e823e118fe6629bd5d83caf19ef8e9051bf3addf9e )  │
│  │ Version: 180                                                                                   │
│  │ Digest: 3GckXrc6mmwtGfMmjMrAf8aYEyqarndqqgv2tARYhjcE                                           │
│  └──                                                                                              │
│  ┌──                                                                                              │
│  │ ID: 0x7c9724fd7b372de13cada04283b9699e3d1204bc3a9defe71bbfdf690a54eab7                         │
│  │ Owner: Immutable                                                                               │
│  │ Version: 1                                                                                     │
│  │ Digest: B7H2MqcymgfR5JohMbrfEurJ7SX87bssitaqw8mxwAqu                                           │
│  └──                                                                                              │
│  ┌──                                                                                              │
│  │ ID: 0xac6f2b018aec2aefa3fdd8842373330ab994d22b7405724f16234c14a1555f57                         │
│  │ Owner: Shared( 180 )                                                                           │
│  │ Version: 180                                                                                   │
│  │ Digest: Cd2bETJqFBatUUQRyigQv4DwMnd3BUSYyeYr27TAoJeC                                           │
│  └──                                                                                              │
│  ┌──                                                                                              │
│  │ ID: 0xe5790f751b432d7cd933f3a686841ec340eaaf9c7c5b295ea97bcb89d1ab1bee                         │
│  │ Owner: Account Address ( 0x42a27bbee48b8c97b05540e823e118fe6629bd5d83caf19ef8e9051bf3addf9e )  │
│  │ Version: 180                                                                                   │
│  │ Digest: FtVkVHYQw3BGdCX7pEeSz7v6NkLNVvgPqU7p2kYfGDiJ                                           │
│  └──                                                                                              │
│  ┌──                                                                                              │
│  │ ID: 0xebb3101fc3158ecf3e45ae61067d21b329f5571b23623f36ef1c7e2bcc1edd67                         │
│  │ Owner: Shared( 180 )                                                                           │
│  │ Version: 180                                                                                   │
│  │ Digest: uCJ4kc3FqA7oC2pET4bHNbP7oxzpTKJkQUqxc6CRSCd                                            │
│  └──                                                                                              │
│ Mutated Objects:                                                                                  │
│  ┌──                                                                                              │
│  │ ID: 0x20bab93ee03c99227eef75098cbe88a467ed8f7e2280b42ce2ce6849c13a9c01                         │
│  │ Owner: Account Address ( 0x42a27bbee48b8c97b05540e823e118fe6629bd5d83caf19ef8e9051bf3addf9e )  │
│  │ Version: 180                                                                                   │
│  │ Digest: 5EncfCUkdxcssajxFAg7itkhgqkgsdpwxUuhm2btM9y2                                           │
│  └──                                                                                              │
│ Gas Object:                                                                                       │
│  ┌──                                                                                              │
│  │ ID: 0x20bab93ee03c99227eef75098cbe88a467ed8f7e2280b42ce2ce6849c13a9c01                         │
│  │ Owner: Account Address ( 0x42a27bbee48b8c97b05540e823e118fe6629bd5d83caf19ef8e9051bf3addf9e )  │
│  │ Version: 180                                                                                   │
│  │ Digest: 5EncfCUkdxcssajxFAg7itkhgqkgsdpwxUuhm2btM9y2                                           │
│  └──                                                                                              │
│ Gas Cost Summary:                                                                                 │
│    Storage Cost: 92210800 MIST                                                                    │
│    Computation Cost: 1000000 MIST                                                                 │
│    Storage Rebate: 978120 MIST                                                                    │
│    Non-refundable Storage Fee: 9880 MIST                                                          │
│                                                                                                   │
│ Transaction Dependencies:                                                                         │
│    F2ya3boz43ZTy6nU9YARb59cefejqXNaL1KD6Z7K51RH                                                   │
│    FJ4seFsznXzr8cyNndXoBqMvvj7sYmEVQ2o423RsEeT7                                                   │
╰───────────────────────────────────────────────────────────────────────────────────────────────────╯
╭─────────────────────────────╮
│ No transaction block events │
╰─────────────────────────────╯

╭─────────────────────────────────────────────────────────────────────────────────────────────────────────────────╮
│ Object Changes                                                                                                  │
├─────────────────────────────────────────────────────────────────────────────────────────────────────────────────┤
│ Created Objects:                                                                                                │
│  ┌──                                                                                                            │
│  │ ObjectID: 0x30cb4662625fa617f7ea9ab7cb48c51c53fcc73b432959ab458eb833e13b6960                                 │
│  │ Sender: 0x42a27bbee48b8c97b05540e823e118fe6629bd5d83caf19ef8e9051bf3addf9e                                   │
│  │ Owner: Account Address ( 0x42a27bbee48b8c97b05540e823e118fe6629bd5d83caf19ef8e9051bf3addf9e )                │
│  │ ObjectType: 0x7c9724fd7b372de13cada04283b9699e3d1204bc3a9defe71bbfdf690a54eab7::deposit_bonus::AdminCap      │
│  │ Version: 180                                                                                                 │
│  │ Digest: CZRRxhX4ZUdWeSYetyjzrwG8SnqDUuFx6mnTTd9JWjkU                                                         │
│  └──                                                                                                            │
│  ┌──                                                                                                            │
│  │ ObjectID: 0x54574132d1447227108345fce15d0ff126769f78015207363eec7bc4905ccb46                                 │
│  │ Sender: 0x42a27bbee48b8c97b05540e823e118fe6629bd5d83caf19ef8e9051bf3addf9e                                   │
│  │ Owner: Account Address ( 0x42a27bbee48b8c97b05540e823e118fe6629bd5d83caf19ef8e9051bf3addf9e )                │
│  │ ObjectType: 0x2::package::UpgradeCap                                                                         │
│  │ Version: 180                                                                                                 │
│  │ Digest: 3GckXrc6mmwtGfMmjMrAf8aYEyqarndqqgv2tARYhjcE                                                         │
│  └──                                                                                                            │
│  ┌──                                                                                                            │
│  │ ObjectID: 0xac6f2b018aec2aefa3fdd8842373330ab994d22b7405724f16234c14a1555f57                                 │
│  │ Sender: 0x42a27bbee48b8c97b05540e823e118fe6629bd5d83caf19ef8e9051bf3addf9e                                   │
│  │ Owner: Shared( 180 )                                                                                         │
│  │ ObjectType: 0x7c9724fd7b372de13cada04283b9699e3d1204bc3a9defe71bbfdf690a54eab7::deposit_bonus::BonusHistory  │
│  │ Version: 180                                                                                                 │
│  │ Digest: Cd2bETJqFBatUUQRyigQv4DwMnd3BUSYyeYr27TAoJeC                                                         │
│  └──                                                                                                            │
│  ┌──                                                                                                            │
│  │ ObjectID: 0xe5790f751b432d7cd933f3a686841ec340eaaf9c7c5b295ea97bcb89d1ab1bee                                 │
│  │ Sender: 0x42a27bbee48b8c97b05540e823e118fe6629bd5d83caf19ef8e9051bf3addf9e                                   │
│  │ Owner: Account Address ( 0x42a27bbee48b8c97b05540e823e118fe6629bd5d83caf19ef8e9051bf3addf9e )                │
│  │ ObjectType: 0x7c9724fd7b372de13cada04283b9699e3d1204bc3a9defe71bbfdf690a54eab7::deposit_bonus::OperatorCap   │
│  │ Version: 180                                                                                                 │
│  │ Digest: FtVkVHYQw3BGdCX7pEeSz7v6NkLNVvgPqU7p2kYfGDiJ                                                         │
│  └──                                                                                                            │
│  ┌──                                                                                                            │
│  │ ObjectID: 0xebb3101fc3158ecf3e45ae61067d21b329f5571b23623f36ef1c7e2bcc1edd67                                 │
│  │ Sender: 0x42a27bbee48b8c97b05540e823e118fe6629bd5d83caf19ef8e9051bf3addf9e                                   │
│  │ Owner: Shared( 180 )                                                                                         │
│  │ ObjectType: 0x7c9724fd7b372de13cada04283b9699e3d1204bc3a9defe71bbfdf690a54eab7::deposit_bonus::Storage       │
│  │ Version: 180                                                                                                 │
│  │ Digest: uCJ4kc3FqA7oC2pET4bHNbP7oxzpTKJkQUqxc6CRSCd                                                          │
│  └──                                                                                                            │
│ Mutated Objects:                                                                                                │
│  ┌──                                                                                                            │
│  │ ObjectID: 0x20bab93ee03c99227eef75098cbe88a467ed8f7e2280b42ce2ce6849c13a9c01                                 │
│  │ Sender: 0x42a27bbee48b8c97b05540e823e118fe6629bd5d83caf19ef8e9051bf3addf9e                                   │
│  │ Owner: Account Address ( 0x42a27bbee48b8c97b05540e823e118fe6629bd5d83caf19ef8e9051bf3addf9e )                │
│  │ ObjectType: 0x2::coin::Coin<0x2::sui::SUI>                                                                   │
│  │ Version: 180                                                                                                 │
│  │ Digest: 5EncfCUkdxcssajxFAg7itkhgqkgsdpwxUuhm2btM9y2                                                         │
│  └──                                                                                                            │
│ Published Objects:                                                                                              │
│  ┌──                                                                                                            │
│  │ PackageID: 0x7c9724fd7b372de13cada04283b9699e3d1204bc3a9defe71bbfdf690a54eab7                                │
│  │ Version: 1                                                                                                   │
│  │ Digest: B7H2MqcymgfR5JohMbrfEurJ7SX87bssitaqw8mxwAqu                                                         │
│  │ Modules: bonus, deposit_bonus, err_consts, range, utils                                                      │
│  └──                                                                                                            │
╰─────────────────────────────────────────────────────────────────────────────────────────────────────────────────╯
╭───────────────────────────────────────────────────────────────────────────────────────────────────╮
│ Balance Changes                                                                                   │
├───────────────────────────────────────────────────────────────────────────────────────────────────┤
│  ┌──                                                                                              │
│  │ Owner: Account Address ( 0x42a27bbee48b8c97b05540e823e118fe6629bd5d83caf19ef8e9051bf3addf9e )  │
│  │ CoinType: 0x2::sui::SUI                                                                        │
│  │ Amount: -92232680                                                                              │
│  └──                                                                                              │
╰───────────────────────────────────────────────────────────────────────────────────────────────────╯
